#
# There is insufficient memory for the Java Runtime Environment to continue.
# Native memory allocation (mmap) failed to map 65536 bytes for committing reserved memory.
# Possible reasons:
#   The system is out of physical RAM or swap space
#   In 32 bit mode, the process size limit was hit
# Possible solutions:
#   Reduce memory load on the system
#   Increase physical memory or swap space
#   Check if swap backing store is full
#   Use 64 bit Java on a 64 bit OS
#   Decrease Java heap size (-Xmx/-Xms)
#   Decrease number of Java threads
#   Decrease Java thread stack sizes (-Xss)
#   Set larger code cache with -XX:ReservedCodeCacheSize=
# This output file may be truncated or incomplete.
#
#  Out of Memory Error (os_linux.cpp:2627), pid=27393, tid=0x00007f6b7fcfc700
#
# JRE version: Java(TM) SE Runtime Environment (8.0_121-b13) (build 1.8.0_121-b13)
# Java VM: Java HotSpot(TM) 64-Bit Server VM (25.121-b13 mixed mode linux-amd64 compressed oops)
# Failed to write core dump. Core dumps have been disabled. To enable core dumping, try "ulimit -c unlimited" before starting Java again
#

---------------  T H R E A D  ---------------

Current thread (0x00007f6ba8287800):  JavaThread "C1 CompilerThread1" daemon [_thread_in_vm, id=27412, stack(0x00007f6b7fbfc000,0x00007f6b7fcfd000)]

Stack: [0x00007f6b7fbfc000,0x00007f6b7fcfd000],  sp=0x00007f6b7fcfadd0,  free space=1019k
Native frames: (J=compiled Java code, j=interpreted, Vv=VM code, C=native code)
V  [libjvm.so+0xac703a]  VMError::report_and_die()+0x2ba
V  [libjvm.so+0x4fc7eb]  report_vm_out_of_memory(char const*, int, unsigned long, VMErrorType, char const*)+0x8b
V  [libjvm.so+0x923c43]  os::Linux::commit_memory_impl(char*, unsigned long, bool)+0x103
V  [libjvm.so+0x924199]  os::pd_commit_memory(char*, unsigned long, unsigned long, bool)+0x29
V  [libjvm.so+0x91e4aa]  os::commit_memory(char*, unsigned long, unsigned long, bool)+0x2a
V  [libjvm.so+0xac2d99]  VirtualSpace::expand_by(unsigned long, bool)+0x199
V  [libjvm.so+0x61ad7c]  CodeHeap::expand_by(unsigned long)+0x8c
V  [libjvm.so+0x4805c0]  CodeCache::allocate(int, bool)+0x60
V  [libjvm.so+0x8ec2ac]  nmethod::new_nmethod(methodHandle, int, int, CodeOffsets*, int, DebugInformationRecorder*, Dependencies*, CodeBuffer*, int, OopMapSet*, ExceptionHandlerTable*, ImplicitExceptionTable*, AbstractCompiler*, int)+0x1fc
V  [libjvm.so+0x415e0b]  ciEnv::register_method(ciMethod*, int, CodeOffsets*, int, CodeBuffer*, int, OopMapSet*, ExceptionHandlerTable*, ImplicitExceptionTable*, AbstractCompiler*, int, bool, bool, RTMState)+0x42b
V  [libjvm.so+0x3586e9]  Compilation::install_code(int)+0xc9
V  [libjvm.so+0x359bdc]  Compilation::compile_method()+0xec
V  [libjvm.so+0x359eae]  Compilation::Compilation(AbstractCompiler*, ciEnv*, ciMethod*, int, BufferBlob*)+0x25e
V  [libjvm.so+0x35ac59]  Compiler::compile_method(ciEnv*, ciMethod*, int)+0xa9
V  [libjvm.so+0x4afeaa]  CompileBroker::invoke_compiler_on_method(CompileTask*)+0xc9a
V  [libjvm.so+0x4b0e56]  CompileBroker::compiler_thread_loop()+0x5d6
V  [libjvm.so+0xa75543]  JavaThread::thread_main_inner()+0x103
V  [libjvm.so+0xa7568c]  JavaThread::run()+0x11c
V  [libjvm.so+0x926268]  java_start(Thread*)+0x108
C  [libpthread.so.0+0x8184]  start_thread+0xc4


Current CompileTask:
C1:  26205  879       1       java.nio.charset.Charset::name (5 bytes)


---------------  P R O C E S S  ---------------

Java Threads: ( => current thread )
  0x00007f6ba82a6000 JavaThread "Service Thread" daemon [_thread_blocked, id=27413, stack(0x00007f6b7f8e4000,0x00007f6b7f9e5000)]
=>0x00007f6ba8287800 JavaThread "C1 CompilerThread1" daemon [_thread_in_vm, id=27412, stack(0x00007f6b7fbfc000,0x00007f6b7fcfd000)]
  0x00007f6ba8286000 JavaThread "C2 CompilerThread0" daemon [_thread_in_native, id=27411, stack(0x00007f6b7fcfd000,0x00007f6b7fdfe000)]
  0x00007f6ba828a800 JavaThread "Monitor Ctrl-Break" daemon [_thread_in_native, id=27410, stack(0x00007f6b7fdfe000,0x00007f6b7feff000)]
  0x00007f6ba813c800 JavaThread "Signal Dispatcher" daemon [_thread_blocked, id=27407, stack(0x00007f6b7feff000,0x00007f6b80000000)]
  0x00007f6ba810a000 JavaThread "Finalizer" daemon [_thread_blocked, id=27405, stack(0x00007f6b94087000,0x00007f6b94188000)]
  0x00007f6ba8105800 JavaThread "Reference Handler" daemon [_thread_blocked, id=27404, stack(0x00007f6b94188000,0x00007f6b94289000)]
  0x00007f6ba800c800 JavaThread "main" [_thread_blocked, id=27395, stack(0x00007f6bb07c5000,0x00007f6bb08c6000)]

Other Threads:
  0x00007f6ba80fd800 VMThread [stack: 0x00007f6b94289000,0x00007f6b9438a000] [id=27403]
  0x00007f6ba82ab000 WatcherThread [stack: 0x00007f6b7f7e3000,0x00007f6b7f8e4000] [id=27414]

VM state:not at safepoint (normal execution)

VM Mutex/Monitor currently owned by a thread:  ([mutex/lock_event])
[0x00007f6ba8004ed0] CodeCache_lock - owner thread: 0x00007f6ba8287800
[0x00007f6ba8009b60] Compile_lock - owner thread: 0x00007f6ba8287800
[0x00007f6ba8009c60] MethodCompileQueue_lock - owner thread: 0x00007f6ba8287800

Heap:
 PSYoungGen      total 70656K, used 43157K [0x00000000d6600000, 0x00000000db000000, 0x0000000100000000)
  eden space 65536K, 58% used [0x00000000d6600000,0x00000000d8b5aac8,0x00000000da600000)
  from space 5120K, 95% used [0x00000000dab00000,0x00000000dafcacd0,0x00000000db000000)
  to   space 5120K, 0% used [0x00000000da600000,0x00000000da600000,0x00000000dab00000)
 ParOldGen       total 86016K, used 63K [0x0000000083200000, 0x0000000088600000, 0x00000000d6600000)
  object space 86016K, 0% used [0x0000000083200000,0x000000008320fd20,0x0000000088600000)
 Metaspace       used 10269K, capacity 10448K, committed 10624K, reserved 1058816K
  class space    used 1014K, capacity 1052K, committed 1152K, reserved 1048576K

Card table byte_map: [0x00007f6bacdeb000,0x00007f6bad1d3000] byte_map_base: 0x00007f6bac9d2000

Marking Bits: (ParMarkBitMap*) 0x00007f6bafc88c80
 Begin Bits: [0x00007f6b95190000, 0x00007f6b970c8000)
 End Bits:   [0x00007f6b970c8000, 0x00007f6b99000000)

Polling page: 0x00007f6bb08d5000

CodeCache: size=245760Kb used=3453Kb max_used=3453Kb free=242306Kb
 bounds [0x00007f6b99000000, 0x00007f6b99360000, 0x00007f6ba8000000]
 total_blobs=1166 nmethods=845 adapters=234
 compilation: enabled

Compilation events (10 events):
Event: 17.609 Thread 0x00007f6ba8287800 nmethod 874 0x00007f6b9935df90 code [0x00007f6b9935e120, 0x00007f6b9935e3e8]
Event: 17.716 Thread 0x00007f6ba8287800  875  s    2       java.io.ByteArrayInputStream::skip (43 bytes)
Event: 17.727 Thread 0x00007f6ba8287800 nmethod 875 0x00007f6b9935e590 code [0x00007f6b9935e700, 0x00007f6b9935ea10]
Event: 17.949 Thread 0x00007f6ba8287800  876   !   2       sun.security.util.DerInputBuffer::dup (29 bytes)
Event: 17.957 Thread 0x00007f6ba8287800 nmethod 876 0x00007f6b9935ead0 code [0x00007f6b9935ec60, 0x00007f6b9935eee8]
Event: 17.957 Thread 0x00007f6ba8287800  877       2       sun.security.util.DerInputBuffer::truncate (29 bytes)
Event: 17.957 Thread 0x00007f6ba8287800 nmethod 877 0x00007f6b9935f090 code [0x00007f6b9935f200, 0x00007f6b9935f588]
Event: 17.957 Thread 0x00007f6ba8287800  878  s    2       java.io.ByteArrayInputStream::read (101 bytes)
Event: 17.958 Thread 0x00007f6ba8287800 nmethod 878 0x00007f6b9935f690 code [0x00007f6b9935f840, 0x00007f6b9935fdc8]
Event: 21.422 Thread 0x00007f6ba8287800  879       1       java.nio.charset.Charset::name (5 bytes)

GC Heap History (4 events):
Event: 4.567 GC heap before
{Heap before GC invocations=1 (full 0):
 PSYoungGen      total 37888K, used 32768K [0x00000000d6600000, 0x00000000d9000000, 0x0000000100000000)
  eden space 32768K, 100% used [0x00000000d6600000,0x00000000d8600000,0x00000000d8600000)
  from space 5120K, 0% used [0x00000000d8b00000,0x00000000d8b00000,0x00000000d9000000)
  to   space 5120K, 0% used [0x00000000d8600000,0x00000000d8600000,0x00000000d8b00000)
 ParOldGen       total 86016K, used 0K [0x0000000083200000, 0x0000000088600000, 0x00000000d6600000)
  object space 86016K, 0% used [0x0000000083200000,0x0000000083200000,0x0000000088600000)
 Metaspace       used 5640K, capacity 5944K, committed 6016K, reserved 1056768K
  class space    used 553K, capacity 600K, committed 640K, reserved 1048576K
Event: 4.728 GC heap after
Heap after GC invocations=1 (full 0):
 PSYoungGen      total 37888K, used 5117K [0x00000000d6600000, 0x00000000db000000, 0x0000000100000000)
  eden space 32768K, 0% used [0x00000000d6600000,0x00000000d6600000,0x00000000d8600000)
  from space 5120K, 99% used [0x00000000d8600000,0x00000000d8aff508,0x00000000d8b00000)
  to   space 5120K, 0% used [0x00000000dab00000,0x00000000dab00000,0x00000000db000000)
 ParOldGen       total 86016K, used 55K [0x0000000083200000, 0x0000000088600000, 0x00000000d6600000)
  object space 86016K, 0% used [0x0000000083200000,0x000000008320dd20,0x0000000088600000)
 Metaspace       used 5640K, capacity 5944K, committed 6016K, reserved 1056768K
  class space    used 553K, capacity 600K, committed 640K, reserved 1048576K
}
Event: 7.422 GC heap before
{Heap before GC invocations=2 (full 0):
 PSYoungGen      total 37888K, used 37885K [0x00000000d6600000, 0x00000000db000000, 0x0000000100000000)
  eden space 32768K, 100% used [0x00000000d6600000,0x00000000d8600000,0x00000000d8600000)
  from space 5120K, 99% used [0x00000000d8600000,0x00000000d8aff508,0x00000000d8b00000)
  to   space 5120K, 0% used [0x00000000dab00000,0x00000000dab00000,0x00000000db000000)
 ParOldGen       total 86016K, used 55K [0x0000000083200000, 0x0000000088600000, 0x00000000d6600000)
  object space 86016K, 0% used [0x0000000083200000,0x000000008320dd20,0x0000000088600000)
 Metaspace       used 7266K, capacity 7360K, committed 7424K, reserved 1056768K
  class space    used 694K, capacity 728K, committed 768K, reserved 1048576K
Event: 7.470 GC heap after
Heap after GC invocations=2 (full 0):
 PSYoungGen      total 70656K, used 4907K [0x00000000d6600000, 0x00000000db000000, 0x0000000100000000)
  eden space 65536K, 0% used [0x00000000d6600000,0x00000000d6600000,0x00000000da600000)
  from space 5120K, 95% used [0x00000000dab00000,0x00000000dafcacd0,0x00000000db000000)
  to   space 5120K, 0% used [0x00000000da600000,0x00000000da600000,0x00000000dab00000)
 ParOldGen       total 86016K, used 63K [0x0000000083200000, 0x0000000088600000, 0x00000000d6600000)
  object space 86016K, 0% used [0x0000000083200000,0x000000008320fd20,0x0000000088600000)
 Metaspace       used 7266K, capacity 7360K, committed 7424K, reserved 1056768K
  class space    used 694K, capacity 728K, committed 768K, reserved 1048576K
}

Deoptimization events (10 events):
Event: 3.043 Thread 0x00007f6ba800c800 Uncommon trap: reason=unstable_if action=reinterpret pc=0x00007f6b9916c424 method=org.jetbrains.org.objectweb.asm.Type.getArgumentsAndReturnSizes(Ljava/lang/String;)I @ 47
Event: 3.273 Thread 0x00007f6ba800c800 Uncommon trap: reason=unstable_if action=reinterpret pc=0x00007f6b9917b780 method=org.jetbrains.org.objectweb.asm.Item.isEqualTo(Lorg/jetbrains/org/objectweb/asm/Item;)Z @ 345
Event: 4.556 Thread 0x00007f6ba800c800 Uncommon trap: reason=range_check action=make_not_entrant pc=0x00007f6b9923ea58 method=java.lang.String.charAt(I)C @ 27
Event: 4.800 Thread 0x00007f6ba800c800 Uncommon trap: reason=unstable_if action=reinterpret pc=0x00007f6b99234f1c method=org.jetbrains.org.objectweb.asm.Type.getArgumentsAndReturnSizes(Ljava/lang/String;)I @ 100
Event: 4.810 Thread 0x00007f6ba800c800 Uncommon trap: reason=unstable_if action=reinterpret pc=0x00007f6b9924bc64 method=org.jetbrains.org.objectweb.asm.Type.getType([CI)Lorg/jetbrains/org/objectweb/asm/Type; @ 165
Event: 4.810 Thread 0x00007f6ba800c800 Uncommon trap: reason=unstable_if action=reinterpret pc=0x00007f6b99236ae8 method=org.jetbrains.org.objectweb.asm.Type.getType([CI)Lorg/jetbrains/org/objectweb/asm/Type; @ 165
Event: 4.865 Thread 0x00007f6ba800c800 Uncommon trap: reason=unstable_if action=reinterpret pc=0x00007f6b9924eb7c method=org.jetbrains.org.objectweb.asm.Frame.merge(Lorg/jetbrains/org/objectweb/asm/ClassWriter;Lorg/jetbrains/org/objectweb/asm/Frame;I)Z @ 510
Event: 6.806 Thread 0x00007f6ba800c800 Uncommon trap: reason=unstable_if action=reinterpret pc=0x00007f6b9917e130 method=org.jetbrains.org.objectweb.asm.Frame.merge(Lorg/jetbrains/org/objectweb/asm/ClassWriter;I[II)Z @ 60
Event: 6.830 Thread 0x00007f6ba800c800 Uncommon trap: reason=unstable_if action=reinterpret pc=0x00007f6b992a74a0 method=org.jetbrains.org.objectweb.asm.Frame.pop(Ljava/lang/String;)V @ 30
Event: 10.377 Thread 0x00007f6ba800c800 Uncommon trap: reason=unstable_if action=reinterpret pc=0x00007f6b9929abe4 method=java.lang.String.indexOf([CII[CIII)I @ 3

Internal exceptions (6 events):
Event: 0.123 Thread 0x00007f6ba800c800 Exception <a 'java/lang/NoSuchMethodError': Method sun.misc.Unsafe.defineClass(Ljava/lang/String;[BII)Ljava/lang/Class; name or signature does not match> (0x00000000d6607ca8) thrown at [/HUDSON3/workspace/8-2-build-linux-amd64/jdk8u121/8372/hotspot/src/sh
Event: 0.123 Thread 0x00007f6ba800c800 Exception <a 'java/lang/NoSuchMethodError': Method sun.misc.Unsafe.prefetchRead(Ljava/lang/Object;J)V name or signature does not match> (0x00000000d6607f90) thrown at [/HUDSON3/workspace/8-2-build-linux-amd64/jdk8u121/8372/hotspot/src/share/vm/prims/jni.c
Event: 0.432 Thread 0x00007f6ba800c800 Exception <a 'java/security/PrivilegedActionException'> (0x00000000d667a200) thrown at [/HUDSON3/workspace/8-2-build-linux-amd64/jdk8u121/8372/hotspot/src/share/vm/prims/jvm.cpp, line 1390]
Event: 0.432 Thread 0x00007f6ba800c800 Exception <a 'java/security/PrivilegedActionException'> (0x00000000d667a410) thrown at [/HUDSON3/workspace/8-2-build-linux-amd64/jdk8u121/8372/hotspot/src/share/vm/prims/jvm.cpp, line 1390]
Event: 0.432 Thread 0x00007f6ba800c800 Exception <a 'java/security/PrivilegedActionException'> (0x00000000d667c878) thrown at [/HUDSON3/workspace/8-2-build-linux-amd64/jdk8u121/8372/hotspot/src/share/vm/prims/jvm.cpp, line 1390]
Event: 0.432 Thread 0x00007f6ba800c800 Exception <a 'java/security/PrivilegedActionException'> (0x00000000d667ca88) thrown at [/HUDSON3/workspace/8-2-build-linux-amd64/jdk8u121/8372/hotspot/src/share/vm/prims/jvm.cpp, line 1390]

Events (10 events):
Event: 18.186 loading class sun/security/validator/Validator done
Event: 18.198 loading class sun/security/validator/SimpleValidator
Event: 18.281 loading class sun/security/validator/SimpleValidator done
Event: 18.500 loading class sun/security/validator/EndEntityChecker
Event: 18.922 loading class sun/security/validator/EndEntityChecker done
Event: 19.111 loading class sun/security/provider/SHA
Event: 19.171 loading class sun/security/provider/SHA done
Event: 20.737 loading class java/util/Hashtable$KeySet
Event: 20.926 loading class java/util/Hashtable$KeySet done
Event: 21.925 loading class java/net/NetworkInterface


Dynamic libraries:
00400000-00401000 r-xp 00000000 08:01 405820                             /usr/lib/jvm/java-8-oracle/bin/java
00600000-00601000 rw-p 00000000 08:01 405820                             /usr/lib/jvm/java-8-oracle/bin/java
0104e000-0106f000 rw-p 00000000 00:00 0                                  [heap]
83200000-88600000 rw-p 00000000 00:00 0 
88600000-d6600000 ---p 00000000 00:00 0 
d6600000-db000000 rw-p 00000000 00:00 0 
db000000-100000000 ---p 00000000 00:00 0 
100000000-100120000 rw-p 00000000 00:00 0 
100120000-140000000 ---p 00000000 00:00 0 
7f6b60000000-7f6b60021000 rw-p 00000000 00:00 0 
7f6b60021000-7f6b64000000 ---p 00000000 00:00 0 
7f6b68000000-7f6b68b17000 rw-p 00000000 00:00 0 
7f6b68b17000-7f6b6c000000 ---p 00000000 00:00 0 
7f6b6c000000-7f6b6c021000 rw-p 00000000 00:00 0 
7f6b6c021000-7f6b70000000 ---p 00000000 00:00 0 
7f6b70000000-7f6b7003b000 rw-p 00000000 00:00 0 
7f6b7003b000-7f6b74000000 ---p 00000000 00:00 0 
7f6b74000000-7f6b75b5e000 rw-p 00000000 00:00 0 
7f6b75b5e000-7f6b78000000 ---p 00000000 00:00 0 
7f6b78000000-7f6b78021000 rw-p 00000000 00:00 0 
7f6b78021000-7f6b7c000000 ---p 00000000 00:00 0 
7f6b7ec6d000-7f6b7ec83000 r-xp 00000000 08:01 3275                       /lib/x86_64-linux-gnu/libgcc_s.so.1
7f6b7ec83000-7f6b7ee82000 ---p 00016000 08:01 3275                       /lib/x86_64-linux-gnu/libgcc_s.so.1
7f6b7ee82000-7f6b7ee83000 rw-p 00015000 08:01 3275                       /lib/x86_64-linux-gnu/libgcc_s.so.1
7f6b7ee8f000-7f6b7eec1000 r-xp 00000000 08:01 405701                     /usr/lib/jvm/java-8-oracle/jre/lib/amd64/libsunec.so
7f6b7eec1000-7f6b7f0c0000 ---p 00032000 08:01 405701                     /usr/lib/jvm/java-8-oracle/jre/lib/amd64/libsunec.so
7f6b7f0c0000-7f6b7f0c6000 rw-p 00031000 08:01 405701                     /usr/lib/jvm/java-8-oracle/jre/lib/amd64/libsunec.so
7f6b7f0c6000-7f6b7f216000 rw-p 00000000 00:00 0 
7f6b7f216000-7f6b7f2d6000 ---p 00000000 00:00 0 
7f6b7f2d6000-7f6b7f7d0000 rw-p 00000000 00:00 0 
7f6b7f7d0000-7f6b7f7e3000 r--s 00345000 08:01 405486                     /usr/lib/jvm/java-8-oracle/jre/lib/resources.jar
7f6b7f7e3000-7f6b7f7e4000 ---p 00000000 00:00 0 
7f6b7f7e4000-7f6b7f8e4000 rw-p 00000000 00:00 0                          [stack:27414]
7f6b7f8e4000-7f6b7f8e7000 ---p 00000000 00:00 0 
7f6b7f8e7000-7f6b7f9e5000 rw-p 00000000 00:00 0                          [stack:27413]
7f6b7f9e5000-7f6b7f9fb000 r-xp 00000000 08:01 405712                     /usr/lib/jvm/java-8-oracle/jre/lib/amd64/libnet.so
7f6b7f9fb000-7f6b7fbfb000 ---p 00016000 08:01 405712                     /usr/lib/jvm/java-8-oracle/jre/lib/amd64/libnet.so
7f6b7fbfb000-7f6b7fbfc000 rw-p 00016000 08:01 405712                     /usr/lib/jvm/java-8-oracle/jre/lib/amd64/libnet.so
7f6b7fbfc000-7f6b7fbff000 ---p 00000000 00:00 0 
7f6b7fbff000-7f6b7fcfd000 rw-p 00000000 00:00 0                          [stack:27412]
7f6b7fcfd000-7f6b7fd00000 ---p 00000000 00:00 0 
7f6b7fd00000-7f6b7fdfe000 rw-p 00000000 00:00 0                          [stack:27411]
7f6b7fdfe000-7f6b7fe01000 ---p 00000000 00:00 0 
7f6b7fe01000-7f6b7feff000 rw-p 00000000 00:00 0                          [stack:27410]
7f6b7feff000-7f6b7ff02000 ---p 00000000 00:00 0 
7f6b7ff02000-7f6b80000000 rw-p 00000000 00:00 0                          [stack:27407]
7f6b80000000-7f6b80021000 rw-p 00000000 00:00 0 
7f6b80021000-7f6b84000000 ---p 00000000 00:00 0 
7f6b84000000-7f6b84021000 rw-p 00000000 00:00 0 
7f6b84021000-7f6b88000000 ---p 00000000 00:00 0 
7f6b88000000-7f6b88021000 rw-p 00000000 00:00 0 
7f6b88021000-7f6b8c000000 ---p 00000000 00:00 0 
7f6b8c000000-7f6b8c021000 rw-p 00000000 00:00 0 
7f6b8c021000-7f6b90000000 ---p 00000000 00:00 0 
7f6b90000000-7f6b90021000 rw-p 00000000 00:00 0 
7f6b90021000-7f6b94000000 ---p 00000000 00:00 0 
7f6b94000000-7f6b94004000 r--s 0003a000 08:01 405639                     /usr/lib/jvm/java-8-oracle/jre/lib/ext/sunpkcs11.jar
7f6b94004000-7f6b94007000 r--s 0001a000 08:01 405498                     /usr/lib/jvm/java-8-oracle/jre/lib/jce.jar
7f6b94007000-7f6b9400b000 r--s 0009a000 08:01 405742                     /usr/lib/jvm/java-8-oracle/jre/lib/jsse.jar
7f6b9400b000-7f6b9400e000 r--s 00019000 08:01 411766                     /opt/idea-IU-171.3780.107/lib/idea_rt.jar
7f6b9400e000-7f6b94017000 r--s 00055000 08:01 929094                     /home/vagrant/project/java/javalib/lucene-queryparser-4.0.0.jar
7f6b94017000-7f6b94039000 r--s 001d0000 08:01 929092                     /home/vagrant/project/java/javalib/lucene-core-4.0.0.jar
7f6b94039000-7f6b94048000 r--s 00166000 08:01 929090                     /home/vagrant/project/java/javalib/lucene-analyzers-common-4.0.0.jar
7f6b94048000-7f6b9405a000 r--s 0011c000 08:01 410204                     /home/vagrant/project/java/jackson-databind-2.8.3.jar
7f6b9405a000-7f6b9406c000 r--s 000d6000 08:01 405469                     /usr/lib/jvm/java-8-oracle/jre/lib/plugin.jar
7f6b9406c000-7f6b94087000 r--s 00209000 08:01 405744                     /usr/lib/jvm/java-8-oracle/jre/lib/deploy.jar
7f6b94087000-7f6b9408a000 ---p 00000000 00:00 0 
7f6b9408a000-7f6b94188000 rw-p 00000000 00:00 0                          [stack:27405]
7f6b94188000-7f6b9418b000 ---p 00000000 00:00 0 
7f6b9418b000-7f6b94289000 rw-p 00000000 00:00 0                          [stack:27404]
7f6b94289000-7f6b9428a000 ---p 00000000 00:00 0 
7f6b9428a000-7f6b99000000 rw-p 00000000 00:00 0                          [stack:27403]
7f6b99000000-7f6b99360000 rwxp 00000000 00:00 0 
7f6b9936e000-7f6b99370000 rw-p 00000000 00:00 0 
7f6b99370000-7f6ba8000000 ---p 00000000 00:00 0 
7f6ba8000000-7f6ba8684000 rw-p 00000000 00:00 0 
7f6ba8684000-7f6bac000000 ---p 00000000 00:00 0 
7f6bac000000-7f6bac002000 r--s 00009000 08:01 405647                     /usr/lib/jvm/java-8-oracle/jre/lib/ext/sunec.jar
7f6bac002000-7f6bac008000 r--s 00050000 08:01 410134                     /home/vagrant/project/java/jsoup-1.10.2.jar
7f6bac008000-7f6bac00c000 r--s 00041000 08:01 410206                     /home/vagrant/project/java/jackson-core-2.8.3.jar
7f6bac00c000-7f6bac016000 r--s 0006c000 08:01 405542                     /usr/lib/jvm/java-8-oracle/jre/lib/javaws.jar
7f6bac016000-7f6bac319000 rw-p 00000000 00:00 0 
7f6bac319000-7f6bac4f2000 r--s 03d3e000 08:01 405508                     /usr/lib/jvm/java-8-oracle/jre/lib/rt.jar
7f6bac4f2000-7f6bac94f000 rw-p 00000000 00:00 0 
7f6bac94f000-7f6bac950000 ---p 00000000 00:00 0 
7f6bac950000-7f6baca50000 rw-p 00000000 00:00 0                          [stack:27399]
7f6baca50000-7f6baca51000 ---p 00000000 00:00 0 
7f6baca51000-7f6bacb7b000 rw-p 00000000 00:00 0                          [stack:27398]
7f6bacb7b000-7f6bacdeb000 ---p 00000000 00:00 0 
7f6bacdeb000-7f6bace15000 rw-p 00000000 00:00 0 
7f6bace15000-7f6bad085000 ---p 00000000 00:00 0 
7f6bad085000-7f6bad0aa000 rw-p 00000000 00:00 0 
7f6bad0aa000-7f6bad1d2000 ---p 00000000 00:00 0 
7f6bad1d2000-7f6bad1e1000 rw-p 00000000 00:00 0 
7f6bad1e1000-7f6bad593000 ---p 00000000 00:00 0 
7f6bad593000-7f6bad5ad000 r-xp 00000000 08:01 405698                     /usr/lib/jvm/java-8-oracle/jre/lib/amd64/libzip.so
7f6bad5ad000-7f6bad7ad000 ---p 0001a000 08:01 405698                     /usr/lib/jvm/java-8-oracle/jre/lib/amd64/libzip.so
7f6bad7ad000-7f6bad7ae000 rw-p 0001a000 08:01 405698                     /usr/lib/jvm/java-8-oracle/jre/lib/amd64/libzip.so
7f6bad7ae000-7f6bad7b8000 r-xp 00000000 08:01 3276                       /lib/x86_64-linux-gnu/libnss_files-2.19.so
7f6bad7b8000-7f6bad9b7000 ---p 0000a000 08:01 3276                       /lib/x86_64-linux-gnu/libnss_files-2.19.so
7f6bad9b7000-7f6bad9b8000 r--p 00009000 08:01 3276                       /lib/x86_64-linux-gnu/libnss_files-2.19.so
7f6bad9b8000-7f6bad9b9000 rw-p 0000a000 08:01 3276                       /lib/x86_64-linux-gnu/libnss_files-2.19.so
7f6bad9b9000-7f6bad9c4000 r-xp 00000000 08:01 3411                       /lib/x86_64-linux-gnu/libnss_nis-2.19.so
7f6bad9c4000-7f6badbc3000 ---p 0000b000 08:01 3411                       /lib/x86_64-linux-gnu/libnss_nis-2.19.so
7f6badbc3000-7f6badbc4000 r--p 0000a000 08:01 3411                       /lib/x86_64-linux-gnu/libnss_nis-2.19.so
7f6badbc4000-7f6badbc5000 rw-p 0000b000 08:01 3411                       /lib/x86_64-linux-gnu/libnss_nis-2.19.so
7f6badbc5000-7f6badbdc000 r-xp 00000000 08:01 3250                       /lib/x86_64-linux-gnu/libnsl-2.19.so
7f6badbdc000-7f6badddb000 ---p 00017000 08:01 3250                       /lib/x86_64-linux-gnu/libnsl-2.19.so
7f6badddb000-7f6badddc000 r--p 00016000 08:01 3250                       /lib/x86_64-linux-gnu/libnsl-2.19.so
7f6badddc000-7f6badddd000 rw-p 00017000 08:01 3250                       /lib/x86_64-linux-gnu/libnsl-2.19.so
7f6badddd000-7f6badddf000 rw-p 00000000 00:00 0 
7f6badddf000-7f6badde8000 r-xp 00000000 08:01 3247                       /lib/x86_64-linux-gnu/libnss_compat-2.19.so
7f6badde8000-7f6badfe7000 ---p 00009000 08:01 3247                       /lib/x86_64-linux-gnu/libnss_compat-2.19.so
7f6badfe7000-7f6badfe8000 r--p 00008000 08:01 3247                       /lib/x86_64-linux-gnu/libnss_compat-2.19.so
7f6badfe8000-7f6badfe9000 rw-p 00009000 08:01 3247                       /lib/x86_64-linux-gnu/libnss_compat-2.19.so
7f6badfe9000-7f6bae172000 r--p 00000000 08:01 9746                       /usr/lib/locale/locale-archive
7f6bae172000-7f6bae17c000 r-xp 00000000 08:01 405682                     /usr/lib/jvm/java-8-oracle/jre/lib/amd64/libinstrument.so
7f6bae17c000-7f6bae37b000 ---p 0000a000 08:01 405682                     /usr/lib/jvm/java-8-oracle/jre/lib/amd64/libinstrument.so
7f6bae37b000-7f6bae37c000 rw-p 00009000 08:01 405682                     /usr/lib/jvm/java-8-oracle/jre/lib/amd64/libinstrument.so
7f6bae37c000-7f6bae3a7000 r-xp 00000000 08:01 405658                     /usr/lib/jvm/java-8-oracle/jre/lib/amd64/libjava.so
7f6bae3a7000-7f6bae5a6000 ---p 0002b000 08:01 405658                     /usr/lib/jvm/java-8-oracle/jre/lib/amd64/libjava.so
7f6bae5a6000-7f6bae5a8000 rw-p 0002a000 08:01 405658                     /usr/lib/jvm/java-8-oracle/jre/lib/amd64/libjava.so
7f6bae5a8000-7f6bae5b5000 r-xp 00000000 08:01 405716                     /usr/lib/jvm/java-8-oracle/jre/lib/amd64/libverify.so
7f6bae5b5000-7f6bae7b4000 ---p 0000d000 08:01 405716                     /usr/lib/jvm/java-8-oracle/jre/lib/amd64/libverify.so
7f6bae7b4000-7f6bae7b6000 rw-p 0000c000 08:01 405716                     /usr/lib/jvm/java-8-oracle/jre/lib/amd64/libverify.so
7f6bae7b6000-7f6bae7bd000 r-xp 00000000 08:01 3204                       /lib/x86_64-linux-gnu/librt-2.19.so
7f6bae7bd000-7f6bae9bc000 ---p 00007000 08:01 3204                       /lib/x86_64-linux-gnu/librt-2.19.so
7f6bae9bc000-7f6bae9bd000 r--p 00006000 08:01 3204                       /lib/x86_64-linux-gnu/librt-2.19.so
7f6bae9bd000-7f6bae9be000 rw-p 00007000 08:01 3204                       /lib/x86_64-linux-gnu/librt-2.19.so
7f6bae9be000-7f6baeac3000 r-xp 00000000 08:01 3213                       /lib/x86_64-linux-gnu/libm-2.19.so
7f6baeac3000-7f6baecc2000 ---p 00105000 08:01 3213                       /lib/x86_64-linux-gnu/libm-2.19.so
7f6baecc2000-7f6baecc3000 r--p 00104000 08:01 3213                       /lib/x86_64-linux-gnu/libm-2.19.so
7f6baecc3000-7f6baecc4000 rw-p 00105000 08:01 3213                       /lib/x86_64-linux-gnu/libm-2.19.so
7f6baecc4000-7f6baf992000 r-xp 00000000 08:01 405705                     /usr/lib/jvm/java-8-oracle/jre/lib/amd64/server/libjvm.so
7f6baf992000-7f6bafb92000 ---p 00cce000 08:01 405705                     /usr/lib/jvm/java-8-oracle/jre/lib/amd64/server/libjvm.so
7f6bafb92000-7f6bafc6b000 rw-p 00cce000 08:01 405705                     /usr/lib/jvm/java-8-oracle/jre/lib/amd64/server/libjvm.so
7f6bafc6b000-7f6bafcb6000 rw-p 00000000 00:00 0 
7f6bafcb6000-7f6bafe74000 r-xp 00000000 08:01 3361                       /lib/x86_64-linux-gnu/libc-2.19.so
7f6bafe74000-7f6bb0073000 ---p 001be000 08:01 3361                       /lib/x86_64-linux-gnu/libc-2.19.so
7f6bb0073000-7f6bb0077000 r--p 001bd000 08:01 3361                       /lib/x86_64-linux-gnu/libc-2.19.so
7f6bb0077000-7f6bb0079000 rw-p 001c1000 08:01 3361                       /lib/x86_64-linux-gnu/libc-2.19.so
7f6bb0079000-7f6bb007e000 rw-p 00000000 00:00 0 
7f6bb007e000-7f6bb0081000 r-xp 00000000 08:01 3306                       /lib/x86_64-linux-gnu/libdl-2.19.so
7f6bb0081000-7f6bb0280000 ---p 00003000 08:01 3306                       /lib/x86_64-linux-gnu/libdl-2.19.so
7f6bb0280000-7f6bb0281000 r--p 00002000 08:01 3306                       /lib/x86_64-linux-gnu/libdl-2.19.so
7f6bb0281000-7f6bb0282000 rw-p 00003000 08:01 3306                       /lib/x86_64-linux-gnu/libdl-2.19.so
7f6bb0282000-7f6bb0297000 r-xp 00000000 08:01 407161                     /usr/lib/jvm/java-8-oracle/lib/amd64/jli/libjli.so
7f6bb0297000-7f6bb0497000 ---p 00015000 08:01 407161                     /usr/lib/jvm/java-8-oracle/lib/amd64/jli/libjli.so
7f6bb0497000-7f6bb0498000 rw-p 00015000 08:01 407161                     /usr/lib/jvm/java-8-oracle/lib/amd64/jli/libjli.so
7f6bb0498000-7f6bb04b1000 r-xp 00000000 08:01 3308                       /lib/x86_64-linux-gnu/libpthread-2.19.so
7f6bb04b1000-7f6bb06b0000 ---p 00019000 08:01 3308                       /lib/x86_64-linux-gnu/libpthread-2.19.so
7f6bb06b0000-7f6bb06b1000 r--p 00018000 08:01 3308                       /lib/x86_64-linux-gnu/libpthread-2.19.so
7f6bb06b1000-7f6bb06b2000 rw-p 00019000 08:01 3308                       /lib/x86_64-linux-gnu/libpthread-2.19.so
7f6bb06b2000-7f6bb06b6000 rw-p 00000000 00:00 0 
7f6bb06b6000-7f6bb06d9000 r-xp 00000000 08:01 3211                       /lib/x86_64-linux-gnu/ld-2.19.so
7f6bb06d9000-7f6bb06da000 r--s 00000000 08:01 405492                     /usr/lib/jvm/java-8-oracle/jre/lib/security/US_export_policy.jar
7f6bb06da000-7f6bb06dd000 r--s 0000b000 08:01 410205                     /home/vagrant/project/java/jackson-annotations-2.8.3.jar
7f6bb06dd000-7f6bb06df000 r--s 00007000 08:01 405481                     /usr/lib/jvm/java-8-oracle/jre/lib/jfxswt.jar
7f6bb06df000-7f6bb06ea000 r--s 00114000 08:01 411867                     /opt/idea-IU-171.3780.107/lib/trove4j.jar
7f6bb06ea000-7f6bb06f1000 r--s 00064000 08:01 411730                     /opt/idea-IU-171.3780.107/lib/asm-all.jar
7f6bb06f1000-7f6bb06f3000 r--s 00010000 08:01 411749                     /opt/idea-IU-171.3780.107/lib/coverage-instrumenter.jar
7f6bb06f3000-7f6bb07c5000 rw-p 00000000 00:00 0 
7f6bb07c5000-7f6bb07c8000 ---p 00000000 00:00 0 
7f6bb07c8000-7f6bb08ca000 rw-p 00000000 00:00 0                          [stack:27395]
7f6bb08ca000-7f6bb08cb000 r--s 00000000 08:01 405499                     /usr/lib/jvm/java-8-oracle/jre/lib/management-agent.jar
7f6bb08cb000-7f6bb08cc000 r--s 00008000 08:01 411748                     /opt/idea-IU-171.3780.107/lib/coverage-agent.jar
7f6bb08cc000-7f6bb08d4000 rw-s 00000000 08:01 663564                     /tmp/hsperfdata_vagrant/27393
7f6bb08d4000-7f6bb08d5000 rw-p 00000000 00:00 0 
7f6bb08d5000-7f6bb08d6000 r--p 00000000 00:00 0 
7f6bb08d6000-7f6bb08d8000 rw-p 00000000 00:00 0 
7f6bb08d8000-7f6bb08d9000 r--p 00022000 08:01 3211                       /lib/x86_64-linux-gnu/ld-2.19.so
7f6bb08d9000-7f6bb08da000 rw-p 00023000 08:01 3211                       /lib/x86_64-linux-gnu/ld-2.19.so
7f6bb08da000-7f6bb08db000 rw-p 00000000 00:00 0 
7ffe49255000-7ffe49276000 rw-p 00000000 00:00 0                          [stack]
7ffe493b8000-7ffe493ba000 r-xp 00000000 00:00 0                          [vdso]
ffffffffff600000-ffffffffff601000 r-xp 00000000 00:00 0                  [vsyscall]

VM Arguments:
jvm_args: -javaagent:/opt/idea-IU-171.3780.107/lib/coverage-agent.jar=/tmp/coverage2args -javaagent:/opt/idea-IU-171.3780.107/lib/idea_rt.jar=40109:/opt/idea-IU-171.3780.107/bin -Dfile.encoding=UTF-8 
java_command: io.bittiger.crawler.CrawlerMain /home/vagrant/Documents/rawQuery3.txt /home/vagrant/Documents/cleaned_ads.txt /home/vagrant/Documents/proxylist_bittiger.csv /home/vagrant/Documents/log.txt
java_class_path (initial): /usr/lib/jvm/java-8-oracle/jre/lib/charsets.jar:/usr/lib/jvm/java-8-oracle/jre/lib/deploy.jar:/usr/lib/jvm/java-8-oracle/jre/lib/ext/cldrdata.jar:/usr/lib/jvm/java-8-oracle/jre/lib/ext/dnsns.jar:/usr/lib/jvm/java-8-oracle/jre/lib/ext/jaccess.jar:/usr/lib/jvm/java-8-oracle/jre/lib/ext/jfxrt.jar:/usr/lib/jvm/java-8-oracle/jre/lib/ext/localedata.jar:/usr/lib/jvm/java-8-oracle/jre/lib/ext/nashorn.jar:/usr/lib/jvm/java-8-oracle/jre/lib/ext/sunec.jar:/usr/lib/jvm/java-8-oracle/jre/lib/ext/sunjce_provider.jar:/usr/lib/jvm/java-8-oracle/jre/lib/ext/sunpkcs11.jar:/usr/lib/jvm/java-8-oracle/jre/lib/ext/zipfs.jar:/usr/lib/jvm/java-8-oracle/jre/lib/javaws.jar:/usr/lib/jvm/java-8-oracle/jre/lib/jce.jar:/usr/lib/jvm/java-8-oracle/jre/lib/jfr.jar:/usr/lib/jvm/java-8-oracle/jre/lib/jfxswt.jar:/usr/lib/jvm/java-8-oracle/jre/lib/jsse.jar:/usr/lib/jvm/java-8-oracle/jre/lib/management-agent.jar:/usr/lib/jvm/java-8-oracle/jre/lib/plugin.jar:/usr/lib/jvm/java-8-oracle/jre/lib/resources.jar:/usr/lib/jvm/java-8-oracle/jre/lib/rt.jar:/home/vagrant/workspace/WebCrawler/out/production/WebCrawler:/home/vagrant/project/java/jackson-annotations-2.8.3.jar:/home/vagrant/project/java/jackson-core-2.8.3.jar:/home/vagrant/project/java/jackson-databind-2.8.3.jar:/home/vagrant/project/java/jsoup-1.10.2.jar:/home/vagrant/project/java/javalib/lucene-analyzers-common-4.0.0.jar:/home/vagrant/project/java/javalib/lucene-core-4.0.0.jar:/home/vagrant/project/java/javalib/lucene-queryparser-4.0.0.jar:/opt/idea-IU-171.3780.107/lib/coverage-agent.jar:/opt/idea-IU-171.3780.107/lib/idea_rt.jar
Launcher Type: SUN_STANDARD

Environment Variables:
JAVA_HOME=/usr/lib/jvm/java-8-oracle
PATH=/usr/local/sbin:/usr/local/bin:/usr/sbin:/usr/bin:/sbin:/bin:/usr/games:/usr/local/games:/usr/lib/jvm/java-8-oracle/bin:/usr/lib/jvm/java-8-oracle/db/bin:/usr/lib/jvm/java-8-oracle/jre/bin
LD_LIBRARY_PATH=/opt/idea-IU-171.3780.107/bin:
SHELL=/bin/zsh
DISPLAY=:0.0

Signal Handlers:
SIGSEGV: [libjvm.so+0xac78c0], sa_mask[0]=11111111011111111101111111111110, sa_flags=SA_RESTART|SA_SIGINFO
SIGBUS: [libjvm.so+0xac78c0], sa_mask[0]=11111111011111111101111111111110, sa_flags=SA_RESTART|SA_SIGINFO
SIGFPE: [libjvm.so+0x920ac0], sa_mask[0]=11111111011111111101111111111110, sa_flags=SA_RESTART|SA_SIGINFO
SIGPIPE: [libjvm.so+0x920ac0], sa_mask[0]=11111111011111111101111111111110, sa_flags=SA_RESTART|SA_SIGINFO
SIGXFSZ: [libjvm.so+0x920ac0], sa_mask[0]=11111111011111111101111111111110, sa_flags=SA_RESTART|SA_SIGINFO
SIGILL: [libjvm.so+0x920ac0], sa_mask[0]=11111111011111111101111111111110, sa_flags=SA_RESTART|SA_SIGINFO
SIGUSR1: SIG_DFL, sa_mask[0]=00000000000000000000000000000000, sa_flags=none
SIGUSR2: [libjvm.so+0x922300], sa_mask[0]=00100000000000000000000000000000, sa_flags=SA_RESTART|SA_SIGINFO
SIGHUP: [libjvm.so+0x923700], sa_mask[0]=11111111011111111101111111111110, sa_flags=SA_RESTART|SA_SIGINFO
SIGINT: [libjvm.so+0x923700], sa_mask[0]=11111111011111111101111111111110, sa_flags=SA_RESTART|SA_SIGINFO
SIGTERM: [libjvm.so+0x923700], sa_mask[0]=11111111011111111101111111111110, sa_flags=SA_RESTART|SA_SIGINFO
SIGQUIT: [libjvm.so+0x923700], sa_mask[0]=11111111011111111101111111111110, sa_flags=SA_RESTART|SA_SIGINFO


---------------  S Y S T E M  ---------------

OS:DISTRIB_ID=Ubuntu
DISTRIB_RELEASE=14.04
DISTRIB_CODENAME=trusty
DISTRIB_DESCRIPTION="Ubuntu 14.04.5 LTS"

uname:Linux 3.13.0-115-generic #162-Ubuntu SMP Fri Mar 24 16:03:51 UTC 2017 x86_64
libc:glibc 2.19 NPTL 2.19 
rlimit: STACK 8192k, CORE 0k, NPROC 63711, NOFILE 4096, AS infinity
load average:8.58 3.62 2.00

/proc/meminfo:
MemTotal:        8176936 kB
MemFree:          577420 kB
Buffers:             944 kB
Cached:           402580 kB
SwapCached:            0 kB
Active:          7000144 kB
Inactive:         400152 kB
Active(anon):    6997544 kB
Inactive(anon):   361560 kB
Active(file):       2600 kB
Inactive(file):    38592 kB
Unevictable:          32 kB
Mlocked:              32 kB
SwapTotal:             0 kB
SwapFree:              0 kB
Dirty:               200 kB
Writeback:             0 kB
AnonPages:       6996684 kB
Mapped:           377416 kB
Shmem:            361980 kB
Slab:              62876 kB
SReclaimable:      29120 kB
SUnreclaim:        33756 kB
KernelStack:        7024 kB
PageTables:        54112 kB
NFS_Unstable:          0 kB
Bounce:                0 kB
WritebackTmp:          0 kB
CommitLimit:     4088468 kB
Committed_AS:   13727772 kB
VmallocTotal:   34359738367 kB
VmallocUsed:       21420 kB
VmallocChunk:   34359711740 kB
HardwareCorrupted:     0 kB
AnonHugePages:   4392960 kB
HugePages_Total:       0
HugePages_Free:        0
HugePages_Rsvd:        0
HugePages_Surp:        0
Hugepagesize:       2048 kB
DirectMap4k:       73664 kB
DirectMap2M:     8314880 kB


CPU:total 2 (2 cores per cpu, 1 threads per core) family 6 model 94 stepping 3, cmov, cx8, fxsr, mmx, sse, sse2, sse3, ssse3, sse4.1, sse4.2, popcnt, avx, aes, clmul, 3dnowpref, lzcnt, tsc, tscinvbit

/proc/cpuinfo:
processor	: 0
vendor_id	: GenuineIntel
cpu family	: 6
model		: 94
model name	: Intel(R) Core(TM) i7-6700HQ CPU @ 2.60GHz
stepping	: 3
cpu MHz		: 2591.846
cache size	: 6144 KB
physical id	: 0
siblings	: 2
core id		: 0
cpu cores	: 2
apicid		: 0
initial apicid	: 0
fpu		: yes
fpu_exception	: yes
cpuid level	: 22
wp		: yes
flags		: fpu vme de pse tsc msr pae mce cx8 apic sep mtrr pge mca cmov pat pse36 clflush mmx fxsr sse sse2 ht syscall nx rdtscp lm constant_tsc rep_good nopl xtopology nonstop_tsc pni pclmulqdq ssse3 cx16 sse4_1 sse4_2 movbe popcnt aes xsave avx rdrand lahf_lm abm 3dnowprefetch rdseed
bogomips	: 5183.69
clflush size	: 64
cache_alignment	: 64
address sizes	: 39 bits physical, 48 bits virtual
power management:

processor	: 1
vendor_id	: GenuineIntel
cpu family	: 6
model		: 94
model name	: Intel(R) Core(TM) i7-6700HQ CPU @ 2.60GHz
stepping	: 3
cpu MHz		: 2591.846
cache size	: 6144 KB
physical id	: 0
siblings	: 2
core id		: 1
cpu cores	: 2
apicid		: 1
initial apicid	: 1
fpu		: yes
fpu_exception	: yes
cpuid level	: 22
wp		: yes
flags		: fpu vme de pse tsc msr pae mce cx8 apic sep mtrr pge mca cmov pat pse36 clflush mmx fxsr sse sse2 ht syscall nx rdtscp lm constant_tsc rep_good nopl xtopology nonstop_tsc pni pclmulqdq ssse3 cx16 sse4_1 sse4_2 movbe popcnt aes xsave avx rdrand lahf_lm abm 3dnowprefetch rdseed
bogomips	: 5183.69
clflush size	: 64
cache_alignment	: 64
address sizes	: 39 bits physical, 48 bits virtual
power management:



Memory: 4k page, physical 8176936k(577420k free), swap 0k(0k free)

vm_info: Java HotSpot(TM) 64-Bit Server VM (25.121-b13) for linux-amd64 JRE (1.8.0_121-b13), built on Dec 12 2016 16:36:53 by "java_re" with gcc 4.3.0 20080428 (Red Hat 4.3.0-8)

time: Sun May  7 23:47:31 2017
elapsed time: 26 seconds (0d 0h 0m 26s)

