#
# There is insufficient memory for the Java Runtime Environment to continue.
# Native memory allocation (mmap) failed to map 12288 bytes for committing reserved memory.
# Possible reasons:
#   The system is out of physical RAM or swap space
#   In 32 bit mode, the process size limit was hit
# Possible solutions:
#   Reduce memory load on the system
#   Increase physical memory or swap space
#   Check if swap backing store is full
#   Use 64 bit Java on a 64 bit OS
#   Decrease Java heap size (-Xmx/-Xms)
#   Decrease number of Java threads
#   Decrease Java thread stack sizes (-Xss)
#   Set larger code cache with -XX:ReservedCodeCacheSize=
# This output file may be truncated or incomplete.
#
#  Out of Memory Error (os_linux.cpp:2627), pid=26803, tid=0x00007fd63e850700
#
# JRE version: Java(TM) SE Runtime Environment (8.0_121-b13) (build 1.8.0_121-b13)
# Java VM: Java HotSpot(TM) 64-Bit Server VM (25.121-b13 mixed mode linux-amd64 compressed oops)
# Failed to write core dump. Core dumps have been disabled. To enable core dumping, try "ulimit -c unlimited" before starting Java again
#

---------------  T H R E A D  ---------------

Current thread (0x00007fd6686bf000):  JavaThread "HandshakeCompletedNotify-Thread" [_thread_new, id=27448, stack(0x00007fd63e750000,0x00007fd63e851000)]

Stack: [0x00007fd63e750000,0x00007fd63e851000],  sp=0x00007fd63e84faa0,  free space=1022k
Native frames: (J=compiled Java code, j=interpreted, Vv=VM code, C=native code)
V  [libjvm.so+0xac703a]  VMError::report_and_die()+0x2ba
V  [libjvm.so+0x4fc7eb]  report_vm_out_of_memory(char const*, int, unsigned long, VMErrorType, char const*)+0x8b
V  [libjvm.so+0x923c43]  os::Linux::commit_memory_impl(char*, unsigned long, bool)+0x103
V  [libjvm.so+0x923d0c]  os::pd_commit_memory(char*, unsigned long, bool)+0xc
V  [libjvm.so+0x91d7ca]  os::commit_memory(char*, unsigned long, bool)+0x2a
V  [libjvm.so+0x9220ff]  os::pd_create_stack_guard_pages(char*, unsigned long)+0x7f
V  [libjvm.so+0xa6bdbe]  JavaThread::create_stack_guard_pages()+0x5e
V  [libjvm.so+0xa755a4]  JavaThread::run()+0x34
V  [libjvm.so+0x926268]  java_start(Thread*)+0x108
C  [libpthread.so.0+0x8184]  start_thread+0xc4


---------------  P R O C E S S  ---------------

Java Threads: ( => current thread )
=>0x00007fd6686bf000 JavaThread "HandshakeCompletedNotify-Thread" [_thread_new, id=27448, stack(0x00007fd63e750000,0x00007fd63e851000)]
  0x00007fd668217000 JavaThread "Service Thread" daemon [_thread_blocked, id=26818, stack(0x00007fd63f9e5000,0x00007fd63fae6000)]
  0x00007fd668200000 JavaThread "C1 CompilerThread1" daemon [_thread_blocked, id=26817, stack(0x00007fd63fae6000,0x00007fd63fbe7000)]
  0x00007fd6681fe800 JavaThread "C2 CompilerThread0" daemon [_thread_in_vm, id=26816, stack(0x00007fd63fdfe000,0x00007fd63feff000)]
  0x00007fd6681f3000 JavaThread "Monitor Ctrl-Break" daemon [_thread_in_native, id=26815, stack(0x00007fd63feff000,0x00007fd640000000)]
  0x00007fd66813c000 JavaThread "Signal Dispatcher" daemon [_thread_blocked, id=26814, stack(0x00007fd6540ab000,0x00007fd6541ac000)]
  0x00007fd668108800 JavaThread "Finalizer" daemon [_thread_blocked, id=26813, stack(0x00007fd654335000,0x00007fd654436000)]
  0x00007fd668104000 JavaThread "Reference Handler" daemon [_thread_blocked, id=26812, stack(0x00007fd654436000,0x00007fd654537000)]
  0x00007fd66800b800 JavaThread "main" [_thread_in_vm, id=26806, stack(0x00007fd6708f9000,0x00007fd6709fa000)]

Other Threads:
  0x00007fd6680fc800 VMThread [stack: 0x00007fd654537000,0x00007fd654638000] [id=26811]
  0x00007fd66821b800 WatcherThread [stack: 0x00007fd63f8e4000,0x00007fd63f9e5000] [id=26819]

VM state:not at safepoint (normal execution)

VM Mutex/Monitor currently owned by a thread: None

Heap:
 PSYoungGen      total 78336K, used 28647K [0x00000000d6600000, 0x00000000dbf80000, 0x0000000100000000)
  eden space 76288K, 35% used [0x00000000d6600000,0x00000000d802b4c0,0x00000000db080000)
  from space 2048K, 90% used [0x00000000db300000,0x00000000db4ce770,0x00000000db500000)
  to   space 7680K, 0% used [0x00000000db800000,0x00000000db800000,0x00000000dbf80000)
 ParOldGen       total 86016K, used 11565K [0x0000000083200000, 0x0000000088600000, 0x00000000d6600000)
  object space 86016K, 13% used [0x0000000083200000,0x0000000083d4b778,0x0000000088600000)
 Metaspace       used 15858K, capacity 16122K, committed 16256K, reserved 1064960K
  class space    used 1553K, capacity 1657K, committed 1664K, reserved 1048576K

Card table byte_map: [0x00007fd66d0a8000,0x00007fd66d490000] byte_map_base: 0x00007fd66cc8f000

Marking Bits: (ParMarkBitMap*) 0x00007fd66fdbcc80
 Begin Bits: [0x00007fd655190000, 0x00007fd6570c8000)
 End Bits:   [0x00007fd6570c8000, 0x00007fd659000000)

Polling page: 0x00007fd670a09000

CodeCache: size=245760Kb used=8515Kb max_used=8541Kb free=237244Kb
 bounds [0x00007fd659000000, 0x00007fd659870000, 0x00007fd668000000]
 total_blobs=2918 nmethods=2551 adapters=280
 compilation: enabled

Compilation events (10 events):
Event: 202.388 Thread 0x00007fd6681fe800 nmethod 3208 0x00007fd6592c6c90 code [0x00007fd6592c6de0, 0x00007fd6592c6e98]
Event: 202.390 Thread 0x00007fd6681fe800 3209       4       java.util.AbstractMap$1$1::next (18 bytes)
Event: 202.392 Thread 0x00007fd6681fe800 nmethod 3209 0x00007fd6596f9810 code [0x00007fd6596f9980, 0x00007fd6596f9b98]
Event: 202.394 Thread 0x00007fd668200000 3210       3       java.util.regex.Pattern$Begin::match (62 bytes)
Event: 202.394 Thread 0x00007fd668200000 nmethod 3210 0x00007fd65954f910 code [0x00007fd65954faa0, 0x00007fd65954fe08]
Event: 202.399 Thread 0x00007fd668200000 3211       3       java.util.regex.Matcher::replaceFirst (62 bytes)
Event: 202.399 Thread 0x00007fd668200000 nmethod 3211 0x00007fd659414210 code [0x00007fd659414440, 0x00007fd659415218]
Event: 203.001 Thread 0x00007fd668200000 3212       3       sun.security.ssl.SignatureAndHashAlgorithm::getSupportedAlgorithms (81 bytes)
Event: 203.005 Thread 0x00007fd668200000 nmethod 3212 0x00007fd6595cf4d0 code [0x00007fd6595cf720, 0x00007fd6595d04d8]
Event: 205.036 Thread 0x00007fd6681fe800 3213       4       org.jsoup.parser.Token::asComment (5 bytes)

GC Heap History (10 events):
Event: 143.960 GC heap before
{Heap before GC invocations=15 (full 0):
 PSYoungGen      total 95744K, used 92133K [0x00000000d6600000, 0x00000000dd000000, 0x0000000100000000)
  eden space 90112K, 100% used [0x00000000d6600000,0x00000000dbe00000,0x00000000dbe00000)
  from space 5632K, 35% used [0x00000000dca80000,0x00000000dcc79648,0x00000000dd000000)
  to   space 9216K, 0% used [0x00000000dbe00000,0x00000000dbe00000,0x00000000dc700000)
 ParOldGen       total 86016K, used 11414K [0x0000000083200000, 0x0000000088600000, 0x00000000d6600000)
  object space 86016K, 13% used [0x0000000083200000,0x0000000083d25910,0x0000000088600000)
 Metaspace       used 15726K, capacity 15994K, committed 16256K, reserved 1064960K
  class space    used 1553K, capacity 1657K, committed 1664K, reserved 1048576K
Event: 143.964 GC heap after
Heap after GC invocations=15 (full 0):
 PSYoungGen      total 88576K, used 1282K [0x00000000d6600000, 0x00000000dcd00000, 0x0000000100000000)
  eden space 87040K, 0% used [0x00000000d6600000,0x00000000d6600000,0x00000000dbb00000)
  from space 1536K, 83% used [0x00000000dbe00000,0x00000000dbf409b0,0x00000000dbf80000)
  to   space 9216K, 0% used [0x00000000dc400000,0x00000000dc400000,0x00000000dcd00000)
 ParOldGen       total 86016K, used 11430K [0x0000000083200000, 0x0000000088600000, 0x00000000d6600000)
  object space 86016K, 13% used [0x0000000083200000,0x0000000083d29910,0x0000000088600000)
 Metaspace       used 15726K, capacity 15994K, committed 16256K, reserved 1064960K
  class space    used 1553K, capacity 1657K, committed 1664K, reserved 1048576K
}
Event: 156.955 GC heap before
{Heap before GC invocations=16 (full 0):
 PSYoungGen      total 88576K, used 87863K [0x00000000d6600000, 0x00000000dcd00000, 0x0000000100000000)
  eden space 87040K, 99% used [0x00000000d6600000,0x00000000dba8d560,0x00000000dbb00000)
  from space 1536K, 83% used [0x00000000dbe00000,0x00000000dbf409b0,0x00000000dbf80000)
  to   space 9216K, 0% used [0x00000000dc400000,0x00000000dc400000,0x00000000dcd00000)
 ParOldGen       total 86016K, used 11430K [0x0000000083200000, 0x0000000088600000, 0x00000000d6600000)
  object space 86016K, 13% used [0x0000000083200000,0x0000000083d29910,0x0000000088600000)
 Metaspace       used 15762K, capacity 16058K, committed 16256K, reserved 1064960K
  class space    used 1553K, capacity 1657K, committed 1664K, reserved 1048576K
Event: 156.960 GC heap after
Heap after GC invocations=16 (full 0):
 PSYoungGen      total 90112K, used 1945K [0x00000000d6600000, 0x00000000dca00000, 0x0000000100000000)
  eden space 83968K, 0% used [0x00000000d6600000,0x00000000d6600000,0x00000000db800000)
  from space 6144K, 31% used [0x00000000dc400000,0x00000000dc5e64f0,0x00000000dca00000)
  to   space 9216K, 0% used [0x00000000db800000,0x00000000db800000,0x00000000dc100000)
 ParOldGen       total 86016K, used 11541K [0x0000000083200000, 0x0000000088600000, 0x00000000d6600000)
  object space 86016K, 13% used [0x0000000083200000,0x0000000083d45778,0x0000000088600000)
 Metaspace       used 15762K, capacity 16058K, committed 16256K, reserved 1064960K
  class space    used 1553K, capacity 1657K, committed 1664K, reserved 1048576K
}
Event: 169.513 GC heap before
{Heap before GC invocations=17 (full 0):
 PSYoungGen      total 90112K, used 85913K [0x00000000d6600000, 0x00000000dca00000, 0x0000000100000000)
  eden space 83968K, 100% used [0x00000000d6600000,0x00000000db800000,0x00000000db800000)
  from space 6144K, 31% used [0x00000000dc400000,0x00000000dc5e64f0,0x00000000dca00000)
  to   space 9216K, 0% used [0x00000000db800000,0x00000000db800000,0x00000000dc100000)
 ParOldGen       total 86016K, used 11541K [0x0000000083200000, 0x0000000088600000, 0x00000000d6600000)
  object space 86016K, 13% used [0x0000000083200000,0x0000000083d45778,0x0000000088600000)
 Metaspace       used 15797K, capacity 16058K, committed 16256K, reserved 1064960K
  class space    used 1553K, capacity 1657K, committed 1664K, reserved 1048576K
Event: 169.520 GC heap after
Heap after GC invocations=17 (full 0):
 PSYoungGen      total 84992K, used 3156K [0x00000000d6600000, 0x00000000dc680000, 0x0000000100000000)
  eden space 81408K, 0% used [0x00000000d6600000,0x00000000d6600000,0x00000000db580000)
  from space 3584K, 88% used [0x00000000db800000,0x00000000dbb15148,0x00000000dbb80000)
  to   space 8704K, 0% used [0x00000000dbe00000,0x00000000dbe00000,0x00000000dc680000)
 ParOldGen       total 86016K, used 11549K [0x0000000083200000, 0x0000000088600000, 0x00000000d6600000)
  object space 86016K, 13% used [0x0000000083200000,0x0000000083d47778,0x0000000088600000)
 Metaspace       used 15797K, capacity 16058K, committed 16256K, reserved 1064960K
  class space    used 1553K, capacity 1657K, committed 1664K, reserved 1048576K
}
Event: 183.574 GC heap before
{Heap before GC invocations=18 (full 0):
 PSYoungGen      total 84992K, used 84564K [0x00000000d6600000, 0x00000000dc680000, 0x0000000100000000)
  eden space 81408K, 100% used [0x00000000d6600000,0x00000000db580000,0x00000000db580000)
  from space 3584K, 88% used [0x00000000db800000,0x00000000dbb15148,0x00000000dbb80000)
  to   space 8704K, 0% used [0x00000000dbe00000,0x00000000dbe00000,0x00000000dc680000)
 ParOldGen       total 86016K, used 11549K [0x0000000083200000, 0x0000000088600000, 0x00000000d6600000)
  object space 86016K, 13% used [0x0000000083200000,0x0000000083d47778,0x0000000088600000)
 Metaspace       used 15842K, capacity 16122K, committed 16256K, reserved 1064960K
  class space    used 1553K, capacity 1657K, committed 1664K, reserved 1048576K
Event: 183.579 GC heap after
Heap after GC invocations=18 (full 0):
 PSYoungGen      total 83968K, used 3300K [0x00000000d6600000, 0x00000000dc300000, 0x0000000100000000)
  eden space 78848K, 0% used [0x00000000d6600000,0x00000000d6600000,0x00000000db300000)
  from space 5120K, 64% used [0x00000000dbe00000,0x00000000dc139358,0x00000000dc300000)
  to   space 8192K, 0% used [0x00000000db300000,0x00000000db300000,0x00000000dbb00000)
 ParOldGen       total 86016K, used 11557K [0x0000000083200000, 0x0000000088600000, 0x00000000d6600000)
  object space 86016K, 13% used [0x0000000083200000,0x0000000083d49778,0x0000000088600000)
 Metaspace       used 15842K, capacity 16122K, committed 16256K, reserved 1064960K
  class space    used 1553K, capacity 1657K, committed 1664K, reserved 1048576K
}
Event: 200.736 GC heap before
{Heap before GC invocations=19 (full 0):
 PSYoungGen      total 83968K, used 81249K [0x00000000d6600000, 0x00000000dc300000, 0x0000000100000000)
  eden space 78848K, 98% used [0x00000000d6600000,0x00000000db21f2a8,0x00000000db300000)
  from space 5120K, 64% used [0x00000000dbe00000,0x00000000dc139358,0x00000000dc300000)
  to   space 8192K, 0% used [0x00000000db300000,0x00000000db300000,0x00000000dbb00000)
 ParOldGen       total 86016K, used 11557K [0x0000000083200000, 0x0000000088600000, 0x00000000d6600000)
  object space 86016K, 13% used [0x0000000083200000,0x0000000083d49778,0x0000000088600000)
 Metaspace       used 15852K, capacity 16122K, committed 16256K, reserved 1064960K
  class space    used 1553K, capacity 1657K, committed 1664K, reserved 1048576K
Event: 200.743 GC heap after
Heap after GC invocations=19 (full 0):
 PSYoungGen      total 78336K, used 1849K [0x00000000d6600000, 0x00000000dbf80000, 0x0000000100000000)
  eden space 76288K, 0% used [0x00000000d6600000,0x00000000d6600000,0x00000000db080000)
  from space 2048K, 90% used [0x00000000db300000,0x00000000db4ce770,0x00000000db500000)
  to   space 7680K, 0% used [0x00000000db800000,0x00000000db800000,0x00000000dbf80000)
 ParOldGen       total 86016K, used 11565K [0x0000000083200000, 0x0000000088600000, 0x00000000d6600000)
  object space 86016K, 13% used [0x0000000083200000,0x0000000083d4b778,0x0000000088600000)
 Metaspace       used 15852K, capacity 16122K, committed 16256K, reserved 1064960K
  class space    used 1553K, capacity 1657K, committed 1664K, reserved 1048576K
}

Deoptimization events (10 events):
Event: 17.189 Thread 0x00007fd66800b800 Uncommon trap: reason=predicate action=maybe_recompile pc=0x00007fd6595d5768 method=java.util.regex.Pattern$SliceI.match(Ljava/util/regex/Matcher;ILjava/lang/CharSequence;)Z @ 21
Event: 18.446 Thread 0x00007fd66800b800 Uncommon trap: reason=class_check action=maybe_recompile pc=0x00007fd6595c527c method=org.jsoup.parser.ParseSettings.normalizeAttributes(Lorg/jsoup/nodes/Attributes;)Lorg/jsoup/nodes/Attributes; @ 27
Event: 19.840 Thread 0x00007fd66800b800 Uncommon trap: reason=class_check action=maybe_recompile pc=0x00007fd6595c527c method=org.jsoup.parser.ParseSettings.normalizeAttributes(Lorg/jsoup/nodes/Attributes;)Lorg/jsoup/nodes/Attributes; @ 27
Event: 19.841 Thread 0x00007fd66800b800 Uncommon trap: reason=predicate action=maybe_recompile pc=0x00007fd6595f7b70 method=org.jsoup.parser.HtmlTreeBuilder.inSpecificScope([Ljava/lang/String;[Ljava/lang/String;[Ljava/lang/String;)Z @ 16
Event: 21.330 Thread 0x00007fd66800b800 Uncommon trap: reason=class_check action=maybe_recompile pc=0x00007fd6595c527c method=org.jsoup.parser.ParseSettings.normalizeAttributes(Lorg/jsoup/nodes/Attributes;)Lorg/jsoup/nodes/Attributes; @ 27
Event: 23.247 Thread 0x00007fd66800b800 Uncommon trap: reason=class_check action=maybe_recompile pc=0x00007fd6595c527c method=org.jsoup.parser.ParseSettings.normalizeAttributes(Lorg/jsoup/nodes/Attributes;)Lorg/jsoup/nodes/Attributes; @ 27
Event: 25.938 Thread 0x00007fd66800b800 Uncommon trap: reason=unstable_if action=reinterpret pc=0x00007fd65963dcdc method=java.util.HashMap.tableSizeFor(I)I @ 37
Event: 39.570 Thread 0x00007fd66800b800 Uncommon trap: reason=unstable_if action=reinterpret pc=0x00007fd659650c10 method=org.jsoup.parser.Tokeniser.consumeCharacterReference(Ljava/lang/Character;Z)[I @ 191
Event: 76.272 Thread 0x00007fd66800b800 Uncommon trap: reason=unstable_if action=reinterpret pc=0x00007fd659310e14 method=sun.nio.cs.UTF_8$Encoder.encodeArrayLoop(Ljava/nio/CharBuffer;Ljava/nio/ByteBuffer;)Ljava/nio/charset/CoderResult; @ 87
Event: 198.913 Thread 0x00007fd66800b800 Uncommon trap: reason=unstable_if action=reinterpret pc=0x00007fd6594d3af8 method=java.lang.String.trim()Ljava/lang/String; @ 44

Internal exceptions (10 events):
Event: 25.207 Thread 0x00007fd66800b800 Exception <a 'java/lang/ArrayIndexOutOfBoundsException'> (0x00000000d7826bc0) thrown at [/HUDSON3/workspace/8-2-build-linux-amd64/jdk8u121/8372/hotspot/src/share/vm/runtime/sharedRuntime.cpp, line 605]
Event: 25.674 Thread 0x00007fd66800b800 Exception <a 'java/lang/ArrayIndexOutOfBoundsException'> (0x00000000d78ea670) thrown at [/HUDSON3/workspace/8-2-build-linux-amd64/jdk8u121/8372/hotspot/src/share/vm/runtime/sharedRuntime.cpp, line 605]
Event: 25.740 Thread 0x00007fd66800b800 Exception <a 'java/lang/ArrayIndexOutOfBoundsException'> (0x00000000d78ef4b8) thrown at [/HUDSON3/workspace/8-2-build-linux-amd64/jdk8u121/8372/hotspot/src/share/vm/runtime/sharedRuntime.cpp, line 605]
Event: 25.741 Thread 0x00007fd66800b800 Exception <a 'java/lang/ArrayIndexOutOfBoundsException'> (0x00000000d78f7430) thrown at [/HUDSON3/workspace/8-2-build-linux-amd64/jdk8u121/8372/hotspot/src/share/vm/runtime/sharedRuntime.cpp, line 605]
Event: 25.741 Thread 0x00007fd66800b800 Exception <a 'java/lang/ArrayIndexOutOfBoundsException'> (0x00000000d78f80b0) thrown at [/HUDSON3/workspace/8-2-build-linux-amd64/jdk8u121/8372/hotspot/src/share/vm/runtime/sharedRuntime.cpp, line 605]
Event: 25.743 Thread 0x00007fd66800b800 Exception <a 'java/lang/ArrayIndexOutOfBoundsException'> (0x00000000d78f9be0) thrown at [/HUDSON3/workspace/8-2-build-linux-amd64/jdk8u121/8372/hotspot/src/share/vm/runtime/sharedRuntime.cpp, line 605]
Event: 25.743 Thread 0x00007fd66800b800 Exception <a 'java/lang/ArrayIndexOutOfBoundsException'> (0x00000000d78fac00) thrown at [/HUDSON3/workspace/8-2-build-linux-amd64/jdk8u121/8372/hotspot/src/share/vm/runtime/sharedRuntime.cpp, line 605]
Event: 25.744 Thread 0x00007fd66800b800 Exception <a 'java/lang/ArrayIndexOutOfBoundsException'> (0x00000000d78fc940) thrown at [/HUDSON3/workspace/8-2-build-linux-amd64/jdk8u121/8372/hotspot/src/share/vm/runtime/sharedRuntime.cpp, line 605]
Event: 25.744 Thread 0x00007fd66800b800 Exception <a 'java/lang/ArrayIndexOutOfBoundsException'> (0x00000000d78fe038) thrown at [/HUDSON3/workspace/8-2-build-linux-amd64/jdk8u121/8372/hotspot/src/share/vm/runtime/sharedRuntime.cpp, line 605]
Event: 25.848 Thread 0x00007fd66800b800 Exception <a 'java/lang/ArrayIndexOutOfBoundsException'> (0x00000000d79e2e20) thrown at [/HUDSON3/workspace/8-2-build-linux-amd64/jdk8u121/8372/hotspot/src/share/vm/runtime/sharedRuntime.cpp, line 605]

Events (10 events):
Event: 202.139 Thread 0x00007fd6681fe800 flushing nmethod 0x00007fd6595bea90
Event: 202.139 Thread 0x00007fd6681fe800 flushing nmethod 0x00007fd6595c9a10
Event: 202.139 Thread 0x00007fd6681fe800 flushing nmethod 0x00007fd6595cf010
Event: 202.139 Thread 0x00007fd6681fe800 flushing nmethod 0x00007fd6595d55d0
Event: 202.192 Thread 0x00007fd668200000 flushing nmethod 0x00007fd6596c2290
Event: 202.192 Thread 0x00007fd668200000 flushing nmethod 0x00007fd6596c2590
Event: 202.192 Thread 0x00007fd668200000 flushing nmethod 0x00007fd6596f9710
Event: 203.532 Thread 0x00007fd6686bf000 Thread added: 0x00007fd6686bf000
Event: 203.536 Thread 0x00007fd6686bf000 Thread exited: 0x00007fd6686bf000
Event: 207.870 Thread 0x00007fd6686bf000 Thread added: 0x00007fd6686bf000


Dynamic libraries:
00400000-00401000 r-xp 00000000 08:01 405820                             /usr/lib/jvm/java-8-oracle/bin/java
00600000-00601000 rw-p 00000000 08:01 405820                             /usr/lib/jvm/java-8-oracle/bin/java
00ecd000-00eee000 rw-p 00000000 00:00 0                                  [heap]
83200000-88600000 rw-p 00000000 00:00 0 
88600000-d6600000 ---p 00000000 00:00 0 
d6600000-dbf80000 rw-p 00000000 00:00 0 
dbf80000-100000000 ---p 00000000 00:00 0 
100000000-1001a0000 rw-p 00000000 00:00 0 
1001a0000-140000000 ---p 00000000 00:00 0 
7fd61c000000-7fd61c29a000 rw-p 00000000 00:00 0 
7fd61c29a000-7fd620000000 ---p 00000000 00:00 0 
7fd620000000-7fd620021000 rw-p 00000000 00:00 0 
7fd620021000-7fd624000000 ---p 00000000 00:00 0 
7fd624000000-7fd624021000 rw-p 00000000 00:00 0 
7fd624021000-7fd628000000 ---p 00000000 00:00 0 
7fd628000000-7fd628021000 rw-p 00000000 00:00 0 
7fd628021000-7fd62c000000 ---p 00000000 00:00 0 
7fd62c000000-7fd62d059000 rw-p 00000000 00:00 0 
7fd62d059000-7fd630000000 ---p 00000000 00:00 0 
7fd630000000-7fd630d71000 rw-p 00000000 00:00 0 
7fd630d71000-7fd634000000 ---p 00000000 00:00 0 
7fd634000000-7fd634041000 rw-p 00000000 00:00 0 
7fd634041000-7fd638000000 ---p 00000000 00:00 0 
7fd638000000-7fd638021000 rw-p 00000000 00:00 0 
7fd638021000-7fd63c000000 ---p 00000000 00:00 0 
7fd63e24f000-7fd63e28f000 rw-p 00000000 00:00 0 
7fd63e28f000-7fd63e452000 ---p 00000000 00:00 0 
7fd63e452000-7fd63e750000 rw-p 00000000 00:00 0 
7fd63e753000-7fd63ea51000 rw-p 00000000 00:00 0                          [stack:27448]
7fd63ea51000-7fd63ea68000 r-xp 00000000 08:01 3372                       /lib/x86_64-linux-gnu/libresolv-2.19.so
7fd63ea68000-7fd63ec68000 ---p 00017000 08:01 3372                       /lib/x86_64-linux-gnu/libresolv-2.19.so
7fd63ec68000-7fd63ec69000 r--p 00017000 08:01 3372                       /lib/x86_64-linux-gnu/libresolv-2.19.so
7fd63ec69000-7fd63ec6a000 rw-p 00018000 08:01 3372                       /lib/x86_64-linux-gnu/libresolv-2.19.so
7fd63ec6a000-7fd63ec6c000 rw-p 00000000 00:00 0 
7fd63ec6c000-7fd63ec71000 r-xp 00000000 08:01 3280                       /lib/x86_64-linux-gnu/libnss_dns-2.19.so
7fd63ec71000-7fd63ee70000 ---p 00005000 08:01 3280                       /lib/x86_64-linux-gnu/libnss_dns-2.19.so
7fd63ee70000-7fd63ee71000 r--p 00004000 08:01 3280                       /lib/x86_64-linux-gnu/libnss_dns-2.19.so
7fd63ee71000-7fd63ee72000 rw-p 00005000 08:01 3280                       /lib/x86_64-linux-gnu/libnss_dns-2.19.so
7fd63ee72000-7fd63ee75000 r-xp 00000000 08:01 59308                      /lib/x86_64-linux-gnu/libnss_myhostname.so.2
7fd63ee75000-7fd63f074000 ---p 00003000 08:01 59308                      /lib/x86_64-linux-gnu/libnss_myhostname.so.2
7fd63f074000-7fd63f075000 r--p 00002000 08:01 59308                      /lib/x86_64-linux-gnu/libnss_myhostname.so.2
7fd63f075000-7fd63f076000 rw-p 00003000 08:01 59308                      /lib/x86_64-linux-gnu/libnss_myhostname.so.2
7fd63f076000-7fd63f087000 r-xp 00000000 08:01 405660                     /usr/lib/jvm/java-8-oracle/jre/lib/amd64/libnio.so
7fd63f087000-7fd63f286000 ---p 00011000 08:01 405660                     /usr/lib/jvm/java-8-oracle/jre/lib/amd64/libnio.so
7fd63f286000-7fd63f287000 rw-p 00010000 08:01 405660                     /usr/lib/jvm/java-8-oracle/jre/lib/amd64/libnio.so
7fd63f287000-7fd63f487000 rw-p 00000000 00:00 0 
7fd63f487000-7fd63f49d000 r-xp 00000000 08:01 3275                       /lib/x86_64-linux-gnu/libgcc_s.so.1
7fd63f49d000-7fd63f69c000 ---p 00016000 08:01 3275                       /lib/x86_64-linux-gnu/libgcc_s.so.1
7fd63f69c000-7fd63f69d000 rw-p 00015000 08:01 3275                       /lib/x86_64-linux-gnu/libgcc_s.so.1
7fd63f69d000-7fd63f6cf000 r-xp 00000000 08:01 405701                     /usr/lib/jvm/java-8-oracle/jre/lib/amd64/libsunec.so
7fd63f6cf000-7fd63f8ce000 ---p 00032000 08:01 405701                     /usr/lib/jvm/java-8-oracle/jre/lib/amd64/libsunec.so
7fd63f8ce000-7fd63f8d4000 rw-p 00031000 08:01 405701                     /usr/lib/jvm/java-8-oracle/jre/lib/amd64/libsunec.so
7fd63f8d4000-7fd63f8e4000 rw-p 00000000 00:00 0 
7fd63f8e4000-7fd63f8e5000 ---p 00000000 00:00 0 
7fd63f8e5000-7fd63f9e5000 rw-p 00000000 00:00 0                          [stack:26819]
7fd63f9e5000-7fd63f9e8000 ---p 00000000 00:00 0 
7fd63f9e8000-7fd63fae6000 rw-p 00000000 00:00 0                          [stack:26818]
7fd63fae6000-7fd63fae9000 ---p 00000000 00:00 0 
7fd63fae9000-7fd63fbe7000 rw-p 00000000 00:00 0                          [stack:26817]
7fd63fbe7000-7fd63fbfd000 r-xp 00000000 08:01 405712                     /usr/lib/jvm/java-8-oracle/jre/lib/amd64/libnet.so
7fd63fbfd000-7fd63fdfd000 ---p 00016000 08:01 405712                     /usr/lib/jvm/java-8-oracle/jre/lib/amd64/libnet.so
7fd63fdfd000-7fd63fdfe000 rw-p 00016000 08:01 405712                     /usr/lib/jvm/java-8-oracle/jre/lib/amd64/libnet.so
7fd63fdfe000-7fd63fe01000 ---p 00000000 00:00 0 
7fd63fe01000-7fd63feff000 rw-p 00000000 00:00 0                          [stack:26816]
7fd63feff000-7fd63ff02000 ---p 00000000 00:00 0 
7fd63ff02000-7fd640000000 rw-p 00000000 00:00 0                          [stack:26815]
7fd640000000-7fd640021000 rw-p 00000000 00:00 0 
7fd640021000-7fd644000000 ---p 00000000 00:00 0 
7fd644000000-7fd644021000 rw-p 00000000 00:00 0 
7fd644021000-7fd648000000 ---p 00000000 00:00 0 
7fd648000000-7fd648021000 rw-p 00000000 00:00 0 
7fd648021000-7fd64c000000 ---p 00000000 00:00 0 
7fd64c000000-7fd64c021000 rw-p 00000000 00:00 0 
7fd64c021000-7fd650000000 ---p 00000000 00:00 0 
7fd650000000-7fd650021000 rw-p 00000000 00:00 0 
7fd650021000-7fd654000000 ---p 00000000 00:00 0 
7fd65401f000-7fd654025000 r--s 0003f000 08:01 405641                     /usr/lib/jvm/java-8-oracle/jre/lib/ext/sunjce_provider.jar
7fd654025000-7fd654029000 r--s 0003a000 08:01 405639                     /usr/lib/jvm/java-8-oracle/jre/lib/ext/sunpkcs11.jar
7fd654029000-7fd65402c000 r--s 0001a000 08:01 405498                     /usr/lib/jvm/java-8-oracle/jre/lib/jce.jar
7fd65402c000-7fd654030000 r--s 0009a000 08:01 405742                     /usr/lib/jvm/java-8-oracle/jre/lib/jsse.jar
7fd654030000-7fd654039000 r--s 00055000 08:01 929094                     /home/vagrant/project/java/javalib/lucene-queryparser-4.0.0.jar
7fd654039000-7fd65405b000 r--s 001d0000 08:01 929092                     /home/vagrant/project/java/javalib/lucene-core-4.0.0.jar
7fd65405b000-7fd65406a000 r--s 00166000 08:01 929090                     /home/vagrant/project/java/javalib/lucene-analyzers-common-4.0.0.jar
7fd65406a000-7fd654070000 r--s 00050000 08:01 410134                     /home/vagrant/project/java/jsoup-1.10.2.jar
7fd654070000-7fd654082000 r--s 0011c000 08:01 410204                     /home/vagrant/project/java/jackson-databind-2.8.3.jar
7fd654082000-7fd654086000 r--s 00041000 08:01 410206                     /home/vagrant/project/java/jackson-core-2.8.3.jar
7fd654086000-7fd654099000 r--s 00345000 08:01 405486                     /usr/lib/jvm/java-8-oracle/jre/lib/resources.jar
7fd654099000-7fd6540ab000 r--s 000d6000 08:01 405469                     /usr/lib/jvm/java-8-oracle/jre/lib/plugin.jar
7fd6540ab000-7fd6540ae000 ---p 00000000 00:00 0 
7fd6540ae000-7fd6541ac000 rw-p 00000000 00:00 0                          [stack:26814]
7fd6541ac000-7fd654335000 r--p 00000000 08:01 9746                       /usr/lib/locale/locale-archive
7fd654335000-7fd654338000 ---p 00000000 00:00 0 
7fd654338000-7fd654436000 rw-p 00000000 00:00 0                          [stack:26813]
7fd654436000-7fd654439000 ---p 00000000 00:00 0 
7fd654439000-7fd654537000 rw-p 00000000 00:00 0                          [stack:26812]
7fd654537000-7fd654538000 ---p 00000000 00:00 0 
7fd654538000-7fd654f41000 rw-p 00000000 00:00 0                          [stack:26811]
7fd654f41000-7fd65511a000 r--s 03d3e000 08:01 405508                     /usr/lib/jvm/java-8-oracle/jre/lib/rt.jar
7fd65511a000-7fd659000000 rw-p 00000000 00:00 0 
7fd659000000-7fd659870000 rwxp 00000000 00:00 0 
7fd659870000-7fd668000000 ---p 00000000 00:00 0 
7fd668000000-7fd66893d000 rw-p 00000000 00:00 0 
7fd66893d000-7fd66c000000 ---p 00000000 00:00 0 
7fd66c000000-7fd66c003000 r--s 00019000 08:01 411766                     /opt/idea-IU-171.3780.107/lib/idea_rt.jar
7fd66c003000-7fd66c006000 r--s 0000b000 08:01 410205                     /home/vagrant/project/java/jackson-annotations-2.8.3.jar
7fd66c006000-7fd66c00a000 r--s 0009a000 08:01 405742                     /usr/lib/jvm/java-8-oracle/jre/lib/jsse.jar
7fd66c00a000-7fd66c025000 r--s 00209000 08:01 405744                     /usr/lib/jvm/java-8-oracle/jre/lib/deploy.jar
7fd66c025000-7fd66cc0c000 rw-p 00000000 00:00 0 
7fd66cc0c000-7fd66cc0d000 ---p 00000000 00:00 0 
7fd66cc0d000-7fd66cd0d000 rw-p 00000000 00:00 0                          [stack:26808]
7fd66cd0d000-7fd66cd0e000 ---p 00000000 00:00 0 
7fd66cd0e000-7fd66ce38000 rw-p 00000000 00:00 0                          [stack:26807]
7fd66ce38000-7fd66d0a8000 ---p 00000000 00:00 0 
7fd66d0a8000-7fd66d0d2000 rw-p 00000000 00:00 0 
7fd66d0d2000-7fd66d342000 ---p 00000000 00:00 0 
7fd66d342000-7fd66d36f000 rw-p 00000000 00:00 0 
7fd66d36f000-7fd66d48f000 ---p 00000000 00:00 0 
7fd66d48f000-7fd66d4b2000 rw-p 00000000 00:00 0 
7fd66d4b2000-7fd66d850000 ---p 00000000 00:00 0 
7fd66d850000-7fd66d86a000 r-xp 00000000 08:01 405698                     /usr/lib/jvm/java-8-oracle/jre/lib/amd64/libzip.so
7fd66d86a000-7fd66da6a000 ---p 0001a000 08:01 405698                     /usr/lib/jvm/java-8-oracle/jre/lib/amd64/libzip.so
7fd66da6a000-7fd66da6b000 rw-p 0001a000 08:01 405698                     /usr/lib/jvm/java-8-oracle/jre/lib/amd64/libzip.so
7fd66da6b000-7fd66da75000 r-xp 00000000 08:01 3276                       /lib/x86_64-linux-gnu/libnss_files-2.19.so
7fd66da75000-7fd66dc74000 ---p 0000a000 08:01 3276                       /lib/x86_64-linux-gnu/libnss_files-2.19.so
7fd66dc74000-7fd66dc75000 r--p 00009000 08:01 3276                       /lib/x86_64-linux-gnu/libnss_files-2.19.so
7fd66dc75000-7fd66dc76000 rw-p 0000a000 08:01 3276                       /lib/x86_64-linux-gnu/libnss_files-2.19.so
7fd66dc76000-7fd66dc81000 r-xp 00000000 08:01 3411                       /lib/x86_64-linux-gnu/libnss_nis-2.19.so
7fd66dc81000-7fd66de80000 ---p 0000b000 08:01 3411                       /lib/x86_64-linux-gnu/libnss_nis-2.19.so
7fd66de80000-7fd66de81000 r--p 0000a000 08:01 3411                       /lib/x86_64-linux-gnu/libnss_nis-2.19.so
7fd66de81000-7fd66de82000 rw-p 0000b000 08:01 3411                       /lib/x86_64-linux-gnu/libnss_nis-2.19.so
7fd66de82000-7fd66de99000 r-xp 00000000 08:01 3250                       /lib/x86_64-linux-gnu/libnsl-2.19.so
7fd66de99000-7fd66e098000 ---p 00017000 08:01 3250                       /lib/x86_64-linux-gnu/libnsl-2.19.so
7fd66e098000-7fd66e099000 r--p 00016000 08:01 3250                       /lib/x86_64-linux-gnu/libnsl-2.19.so
7fd66e099000-7fd66e09a000 rw-p 00017000 08:01 3250                       /lib/x86_64-linux-gnu/libnsl-2.19.so
7fd66e09a000-7fd66e09c000 rw-p 00000000 00:00 0 
7fd66e09c000-7fd66e0a5000 r-xp 00000000 08:01 3247                       /lib/x86_64-linux-gnu/libnss_compat-2.19.so
7fd66e0a5000-7fd66e2a4000 ---p 00009000 08:01 3247                       /lib/x86_64-linux-gnu/libnss_compat-2.19.so
7fd66e2a4000-7fd66e2a5000 r--p 00008000 08:01 3247                       /lib/x86_64-linux-gnu/libnss_compat-2.19.so
7fd66e2a5000-7fd66e2a6000 rw-p 00009000 08:01 3247                       /lib/x86_64-linux-gnu/libnss_compat-2.19.so
7fd66e2a6000-7fd66e2b0000 r-xp 00000000 08:01 405682                     /usr/lib/jvm/java-8-oracle/jre/lib/amd64/libinstrument.so
7fd66e2b0000-7fd66e4af000 ---p 0000a000 08:01 405682                     /usr/lib/jvm/java-8-oracle/jre/lib/amd64/libinstrument.so
7fd66e4af000-7fd66e4b0000 rw-p 00009000 08:01 405682                     /usr/lib/jvm/java-8-oracle/jre/lib/amd64/libinstrument.so
7fd66e4b0000-7fd66e4db000 r-xp 00000000 08:01 405658                     /usr/lib/jvm/java-8-oracle/jre/lib/amd64/libjava.so
7fd66e4db000-7fd66e6da000 ---p 0002b000 08:01 405658                     /usr/lib/jvm/java-8-oracle/jre/lib/amd64/libjava.so
7fd66e6da000-7fd66e6dc000 rw-p 0002a000 08:01 405658                     /usr/lib/jvm/java-8-oracle/jre/lib/amd64/libjava.so
7fd66e6dc000-7fd66e6e9000 r-xp 00000000 08:01 405716                     /usr/lib/jvm/java-8-oracle/jre/lib/amd64/libverify.so
7fd66e6e9000-7fd66e8e8000 ---p 0000d000 08:01 405716                     /usr/lib/jvm/java-8-oracle/jre/lib/amd64/libverify.so
7fd66e8e8000-7fd66e8ea000 rw-p 0000c000 08:01 405716                     /usr/lib/jvm/java-8-oracle/jre/lib/amd64/libverify.so
7fd66e8ea000-7fd66e8f1000 r-xp 00000000 08:01 3204                       /lib/x86_64-linux-gnu/librt-2.19.so
7fd66e8f1000-7fd66eaf0000 ---p 00007000 08:01 3204                       /lib/x86_64-linux-gnu/librt-2.19.so
7fd66eaf0000-7fd66eaf1000 r--p 00006000 08:01 3204                       /lib/x86_64-linux-gnu/librt-2.19.so
7fd66eaf1000-7fd66eaf2000 rw-p 00007000 08:01 3204                       /lib/x86_64-linux-gnu/librt-2.19.so
7fd66eaf2000-7fd66ebf7000 r-xp 00000000 08:01 3213                       /lib/x86_64-linux-gnu/libm-2.19.so
7fd66ebf7000-7fd66edf6000 ---p 00105000 08:01 3213                       /lib/x86_64-linux-gnu/libm-2.19.so
7fd66edf6000-7fd66edf7000 r--p 00104000 08:01 3213                       /lib/x86_64-linux-gnu/libm-2.19.so
7fd66edf7000-7fd66edf8000 rw-p 00105000 08:01 3213                       /lib/x86_64-linux-gnu/libm-2.19.so
7fd66edf8000-7fd66fac6000 r-xp 00000000 08:01 405705                     /usr/lib/jvm/java-8-oracle/jre/lib/amd64/server/libjvm.so
7fd66fac6000-7fd66fcc6000 ---p 00cce000 08:01 405705                     /usr/lib/jvm/java-8-oracle/jre/lib/amd64/server/libjvm.so
7fd66fcc6000-7fd66fd9f000 rw-p 00cce000 08:01 405705                     /usr/lib/jvm/java-8-oracle/jre/lib/amd64/server/libjvm.so
7fd66fd9f000-7fd66fdea000 rw-p 00000000 00:00 0 
7fd66fdea000-7fd66ffa8000 r-xp 00000000 08:01 3361                       /lib/x86_64-linux-gnu/libc-2.19.so
7fd66ffa8000-7fd6701a7000 ---p 001be000 08:01 3361                       /lib/x86_64-linux-gnu/libc-2.19.so
7fd6701a7000-7fd6701ab000 r--p 001bd000 08:01 3361                       /lib/x86_64-linux-gnu/libc-2.19.so
7fd6701ab000-7fd6701ad000 rw-p 001c1000 08:01 3361                       /lib/x86_64-linux-gnu/libc-2.19.so
7fd6701ad000-7fd6701b2000 rw-p 00000000 00:00 0 
7fd6701b2000-7fd6701b5000 r-xp 00000000 08:01 3306                       /lib/x86_64-linux-gnu/libdl-2.19.so
7fd6701b5000-7fd6703b4000 ---p 00003000 08:01 3306                       /lib/x86_64-linux-gnu/libdl-2.19.so
7fd6703b4000-7fd6703b5000 r--p 00002000 08:01 3306                       /lib/x86_64-linux-gnu/libdl-2.19.so
7fd6703b5000-7fd6703b6000 rw-p 00003000 08:01 3306                       /lib/x86_64-linux-gnu/libdl-2.19.so
7fd6703b6000-7fd6703cb000 r-xp 00000000 08:01 407161                     /usr/lib/jvm/java-8-oracle/lib/amd64/jli/libjli.so
7fd6703cb000-7fd6705cb000 ---p 00015000 08:01 407161                     /usr/lib/jvm/java-8-oracle/lib/amd64/jli/libjli.so
7fd6705cb000-7fd6705cc000 rw-p 00015000 08:01 407161                     /usr/lib/jvm/java-8-oracle/lib/amd64/jli/libjli.so
7fd6705cc000-7fd6705e5000 r-xp 00000000 08:01 3308                       /lib/x86_64-linux-gnu/libpthread-2.19.so
7fd6705e5000-7fd6707e4000 ---p 00019000 08:01 3308                       /lib/x86_64-linux-gnu/libpthread-2.19.so
7fd6707e4000-7fd6707e5000 r--p 00018000 08:01 3308                       /lib/x86_64-linux-gnu/libpthread-2.19.so
7fd6707e5000-7fd6707e6000 rw-p 00019000 08:01 3308                       /lib/x86_64-linux-gnu/libpthread-2.19.so
7fd6707e6000-7fd6707ea000 rw-p 00000000 00:00 0 
7fd6707ea000-7fd67080d000 r-xp 00000000 08:01 3211                       /lib/x86_64-linux-gnu/ld-2.19.so
7fd67080d000-7fd67080f000 r--s 00009000 08:01 405647                     /usr/lib/jvm/java-8-oracle/jre/lib/ext/sunec.jar
7fd67080f000-7fd670810000 r--s 00000000 08:01 405499                     /usr/lib/jvm/java-8-oracle/jre/lib/management-agent.jar
7fd670810000-7fd670815000 r--s 00084000 08:01 405500                     /usr/lib/jvm/java-8-oracle/jre/lib/jfr.jar
7fd670815000-7fd670818000 r--s 0001a000 08:01 405498                     /usr/lib/jvm/java-8-oracle/jre/lib/jce.jar
7fd670818000-7fd670822000 r--s 0006c000 08:01 405542                     /usr/lib/jvm/java-8-oracle/jre/lib/javaws.jar
7fd670822000-7fd670827000 r--s 002f9000 08:01 405724                     /usr/lib/jvm/java-8-oracle/jre/lib/charsets.jar
7fd670827000-7fd6708f9000 rw-p 00000000 00:00 0 
7fd6708f9000-7fd6708fc000 ---p 00000000 00:00 0 
7fd6708fc000-7fd6709fe000 rw-p 00000000 00:00 0                          [stack:26806]
7fd6709fe000-7fd670a00000 r--s 00007000 08:01 405481                     /usr/lib/jvm/java-8-oracle/jre/lib/jfxswt.jar
7fd670a00000-7fd670a08000 rw-s 00000000 08:01 663558                     /tmp/hsperfdata_vagrant/26803
7fd670a08000-7fd670a09000 rw-p 00000000 00:00 0 
7fd670a09000-7fd670a0a000 r--p 00000000 00:00 0 
7fd670a0a000-7fd670a0c000 rw-p 00000000 00:00 0 
7fd670a0c000-7fd670a0d000 r--p 00022000 08:01 3211                       /lib/x86_64-linux-gnu/ld-2.19.so
7fd670a0d000-7fd670a0e000 rw-p 00023000 08:01 3211                       /lib/x86_64-linux-gnu/ld-2.19.so
7fd670a0e000-7fd670a0f000 rw-p 00000000 00:00 0 
7ffdd2b30000-7ffdd2b51000 rw-p 00000000 00:00 0                          [stack]
7ffdd2b65000-7ffdd2b67000 r-xp 00000000 00:00 0                          [vdso]
ffffffffff600000-ffffffffff601000 r-xp 00000000 00:00 0                  [vsyscall]

VM Arguments:
jvm_args: -javaagent:/opt/idea-IU-171.3780.107/lib/idea_rt.jar=38987:/opt/idea-IU-171.3780.107/bin -Dfile.encoding=UTF-8 
java_command: io.bittiger.crawler.CrawlerMain /home/vagrant/Documents/rawQuery3.txt /home/vagrant/Documents/cleaned_ads.txt /home/vagrant/Documents/proxylist_bittiger.csv /home/vagrant/Documents/log.txt
java_class_path (initial): /usr/lib/jvm/java-8-oracle/jre/lib/charsets.jar:/usr/lib/jvm/java-8-oracle/jre/lib/deploy.jar:/usr/lib/jvm/java-8-oracle/jre/lib/ext/cldrdata.jar:/usr/lib/jvm/java-8-oracle/jre/lib/ext/dnsns.jar:/usr/lib/jvm/java-8-oracle/jre/lib/ext/jaccess.jar:/usr/lib/jvm/java-8-oracle/jre/lib/ext/jfxrt.jar:/usr/lib/jvm/java-8-oracle/jre/lib/ext/localedata.jar:/usr/lib/jvm/java-8-oracle/jre/lib/ext/nashorn.jar:/usr/lib/jvm/java-8-oracle/jre/lib/ext/sunec.jar:/usr/lib/jvm/java-8-oracle/jre/lib/ext/sunjce_provider.jar:/usr/lib/jvm/java-8-oracle/jre/lib/ext/sunpkcs11.jar:/usr/lib/jvm/java-8-oracle/jre/lib/ext/zipfs.jar:/usr/lib/jvm/java-8-oracle/jre/lib/javaws.jar:/usr/lib/jvm/java-8-oracle/jre/lib/jce.jar:/usr/lib/jvm/java-8-oracle/jre/lib/jfr.jar:/usr/lib/jvm/java-8-oracle/jre/lib/jfxswt.jar:/usr/lib/jvm/java-8-oracle/jre/lib/jsse.jar:/usr/lib/jvm/java-8-oracle/jre/lib/management-agent.jar:/usr/lib/jvm/java-8-oracle/jre/lib/plugin.jar:/usr/lib/jvm/java-8-oracle/jre/lib/resources.jar:/usr/lib/jvm/java-8-oracle/jre/lib/rt.jar:/home/vagrant/workspace/WebCrawler/out/production/WebCrawler:/home/vagrant/project/java/jackson-annotations-2.8.3.jar:/home/vagrant/project/java/jackson-core-2.8.3.jar:/home/vagrant/project/java/jackson-databind-2.8.3.jar:/home/vagrant/project/java/jsoup-1.10.2.jar:/home/vagrant/project/java/javalib/lucene-analyzers-common-4.0.0.jar:/home/vagrant/project/java/javalib/lucene-core-4.0.0.jar:/home/vagrant/project/java/javalib/lucene-queryparser-4.0.0.jar:/opt/idea-IU-171.3780.107/lib/idea_rt.jar
Launcher Type: SUN_STANDARD

Environment Variables:
JAVA_HOME=/usr/lib/jvm/java-8-oracle
PATH=/usr/local/sbin:/usr/local/bin:/usr/sbin:/usr/bin:/sbin:/bin:/usr/games:/usr/local/games:/usr/lib/jvm/java-8-oracle/bin:/usr/lib/jvm/java-8-oracle/db/bin:/usr/lib/jvm/java-8-oracle/jre/bin
LD_LIBRARY_PATH=/opt/idea-IU-171.3780.107/bin:
SHELL=/bin/zsh
DISPLAY=:0.0

Signal Handlers:
SIGSEGV: [libjvm.so+0xac78c0], sa_mask[0]=11111111011111111101111111111110, sa_flags=SA_RESTART|SA_SIGINFO
SIGBUS: [libjvm.so+0xac78c0], sa_mask[0]=11111111011111111101111111111110, sa_flags=SA_RESTART|SA_SIGINFO
SIGFPE: [libjvm.so+0x920ac0], sa_mask[0]=11111111011111111101111111111110, sa_flags=SA_RESTART|SA_SIGINFO
SIGPIPE: [libjvm.so+0x920ac0], sa_mask[0]=11111111011111111101111111111110, sa_flags=SA_RESTART|SA_SIGINFO
SIGXFSZ: [libjvm.so+0x920ac0], sa_mask[0]=11111111011111111101111111111110, sa_flags=SA_RESTART|SA_SIGINFO
SIGILL: [libjvm.so+0x920ac0], sa_mask[0]=11111111011111111101111111111110, sa_flags=SA_RESTART|SA_SIGINFO
SIGUSR1: SIG_DFL, sa_mask[0]=00000000000000000000000000000000, sa_flags=none
SIGUSR2: [libjvm.so+0x922300], sa_mask[0]=00100000000000000000000000000000, sa_flags=SA_RESTART|SA_SIGINFO
SIGHUP: [libjvm.so+0x923700], sa_mask[0]=11111111011111111101111111111110, sa_flags=SA_RESTART|SA_SIGINFO
SIGINT: [libjvm.so+0x923700], sa_mask[0]=11111111011111111101111111111110, sa_flags=SA_RESTART|SA_SIGINFO
SIGTERM: [libjvm.so+0x923700], sa_mask[0]=11111111011111111101111111111110, sa_flags=SA_RESTART|SA_SIGINFO
SIGQUIT: [libjvm.so+0x923700], sa_mask[0]=11111111011111111101111111111110, sa_flags=SA_RESTART|SA_SIGINFO


---------------  S Y S T E M  ---------------

OS:DISTRIB_ID=Ubuntu
DISTRIB_RELEASE=14.04
DISTRIB_CODENAME=trusty
DISTRIB_DESCRIPTION="Ubuntu 14.04.5 LTS"

uname:Linux 3.13.0-115-generic #162-Ubuntu SMP Fri Mar 24 16:03:51 UTC 2017 x86_64
libc:glibc 2.19 NPTL 2.19 
rlimit: STACK 8192k, CORE 0k, NPROC 63711, NOFILE 4096, AS infinity
load average:8.58 3.62 2.00

/proc/meminfo:
MemTotal:        8176936 kB
MemFree:          101600 kB
Buffers:             228 kB
Cached:           366408 kB
SwapCached:            0 kB
Active:          7510184 kB
Inactive:         364180 kB
Active(anon):    7508500 kB
Inactive(anon):   361560 kB
Active(file):       1684 kB
Inactive(file):     2620 kB
Unevictable:          32 kB
Mlocked:              32 kB
SwapTotal:             0 kB
SwapFree:              0 kB
Dirty:                32 kB
Writeback:             0 kB
AnonPages:       7508112 kB
Mapped:           363376 kB
Shmem:            361980 kB
Slab:              62852 kB
SReclaimable:      29096 kB
SUnreclaim:        33756 kB
KernelStack:        7224 kB
PageTables:        56820 kB
NFS_Unstable:          0 kB
Bounce:                0 kB
WritebackTmp:          0 kB
CommitLimit:     4088468 kB
Committed_AS:   14028396 kB
VmallocTotal:   34359738367 kB
VmallocUsed:       21420 kB
VmallocChunk:   34359711740 kB
HardwareCorrupted:     0 kB
AnonHugePages:   4481024 kB
HugePages_Total:       0
HugePages_Free:        0
HugePages_Rsvd:        0
HugePages_Surp:        0
Hugepagesize:       2048 kB
DirectMap4k:       73664 kB
DirectMap2M:     8314880 kB


CPU:total 2 (2 cores per cpu, 1 threads per core) family 6 model 94 stepping 3, cmov, cx8, fxsr, mmx, sse, sse2, sse3, ssse3, sse4.1, sse4.2, popcnt, avx, aes, clmul, 3dnowpref, lzcnt, tsc, tscinvbit

/proc/cpuinfo:
processor	: 0
vendor_id	: GenuineIntel
cpu family	: 6
model		: 94
model name	: Intel(R) Core(TM) i7-6700HQ CPU @ 2.60GHz
stepping	: 3
cpu MHz		: 2591.846
cache size	: 6144 KB
physical id	: 0
siblings	: 2
core id		: 0
cpu cores	: 2
apicid		: 0
initial apicid	: 0
fpu		: yes
fpu_exception	: yes
cpuid level	: 22
wp		: yes
flags		: fpu vme de pse tsc msr pae mce cx8 apic sep mtrr pge mca cmov pat pse36 clflush mmx fxsr sse sse2 ht syscall nx rdtscp lm constant_tsc rep_good nopl xtopology nonstop_tsc pni pclmulqdq ssse3 cx16 sse4_1 sse4_2 movbe popcnt aes xsave avx rdrand lahf_lm abm 3dnowprefetch rdseed
bogomips	: 5183.69
clflush size	: 64
cache_alignment	: 64
address sizes	: 39 bits physical, 48 bits virtual
power management:

processor	: 1
vendor_id	: GenuineIntel
cpu family	: 6
model		: 94
model name	: Intel(R) Core(TM) i7-6700HQ CPU @ 2.60GHz
stepping	: 3
cpu MHz		: 2591.846
cache size	: 6144 KB
physical id	: 0
siblings	: 2
core id		: 1
cpu cores	: 2
apicid		: 1
initial apicid	: 1
fpu		: yes
fpu_exception	: yes
cpuid level	: 22
wp		: yes
flags		: fpu vme de pse tsc msr pae mce cx8 apic sep mtrr pge mca cmov pat pse36 clflush mmx fxsr sse sse2 ht syscall nx rdtscp lm constant_tsc rep_good nopl xtopology nonstop_tsc pni pclmulqdq ssse3 cx16 sse4_1 sse4_2 movbe popcnt aes xsave avx rdrand lahf_lm abm 3dnowprefetch rdseed
bogomips	: 5183.69
clflush size	: 64
cache_alignment	: 64
address sizes	: 39 bits physical, 48 bits virtual
power management:



Memory: 4k page, physical 8176936k(101284k free), swap 0k(0k free)

vm_info: Java HotSpot(TM) 64-Bit Server VM (25.121-b13) for linux-amd64 JRE (1.8.0_121-b13), built on Dec 12 2016 16:36:53 by "java_re" with gcc 4.3.0 20080428 (Red Hat 4.3.0-8)

time: Sun May  7 23:47:29 2017
elapsed time: 211 seconds (0d 0h 3m 31s)

